# Log file created/rotated Monday, 19 Jan 09 02:26:25 GMT
2009-01-19 02:26:25.0 [7029]:ICEBufferReciver:I:TT2:通讯器成功初始化！
2009-01-19 02:26:25.0 [7029]:ICEBufferReciver:I:1
2009-01-19 02:26:25.0 [7029]:ICEBufferReciver:I:2
2009-01-19 02:26:25.0 [7029]:ICEBufferReciver:I:3
2009-01-19 02:26:25.0 [7029]:ICEBufferReciver:I:TT2:监听对象成功初始化！
2009-01-19 02:43:45.2 [7029]:ICEBufferReciver:I:TT2:通讯器成功初始化！
2009-01-19 02:43:45.2 [7029]:ICEBufferReciver:I:1
2009-01-19 02:43:45.4 [7029]:ICEBufferReciver:I:std::exception
2009-01-19 03:10:38.2 [7273]:ICEBufferReciver:I:TT2:通讯器成功初始化！
2009-01-19 03:10:38.2 [7273]:ICEBufferReciver:I:1
2009-01-19 03:10:38.2 [7273]:ICEBufferReciver:I:2
2009-01-19 03:10:38.3 [7273]:ICEBufferReciver:I:3
2009-01-19 03:10:38.3 [7273]:ICEBufferReciver:I:TT2:监听对象成功初始化！
2009-01-19 03:18:46.8 [7349]:ICEBufferReciver:I:TT2:通讯器成功初始化！
2009-01-19 03:18:46.8 [7349]:ICEBufferReciver:I:1
2009-01-19 03:18:46.8 [7349]:ICEBufferReciver:I:2
2009-01-19 03:18:46.8 [7349]:ICEBufferReciver:I:3
2009-01-19 03:18:46.8 [7349]:ICEBufferReciver:I:TT2:监听对象成功初始化！
2009-01-19 03:20:06.9 [7349]:ICEBufferReciver:I:正在停止
2009-01-19 03:20:07.1 [7349]:ICEBufferReciver:I:TT2:动态接收器已经停止!
2009-01-19 03:23:35.1 [7478]:ICEBufferReciver:I:TT2:通讯器成功初始化！
2009-01-19 03:23:35.1 [7478]:ICEBufferReciver:I:1
2009-01-19 03:23:35.1 [7478]:ICEBufferReciver:I:2
2009-01-19 03:23:35.1 [7478]:ICEBufferReciver:I:3
2009-01-19 03:23:35.1 [7478]:ICEBufferReciver:I:TT2:监听对象成功初始化！
2009-01-19 03:25:58.5 [7478]:ICEBufferReciver:I:正在停止
2009-01-19 03:25:58.7 [7478]:ICEBufferReciver:I:TT2:动态接收器已经停止!
2009-01-19 03:26:21.7 [7478]:ICEBufferReciver:I:TT2:通讯器成功初始化！
2009-01-19 03:26:21.7 [7478]:ICEBufferReciver:I:1
2009-01-19 03:26:21.7 [7478]:ICEBufferReciver:I:2
2009-01-19 03:26:21.7 [7478]:ICEBufferReciver:I:3
2009-01-19 03:26:21.7 [7478]:ICEBufferReciver:I:TT2:监听对象成功初始化！
2009-01-19 03:28:33.8 [7488]:ICEBufferReciver:I:TT2:通讯器成功初始化！
2009-01-19 03:28:33.8 [7488]:ICEBufferReciver:I:1
2009-01-19 03:28:33.8 [7488]:ICEBufferReciver:I:2
2009-01-19 03:28:33.9 [7488]:ICEBufferReciver:I:3
2009-01-19 03:28:33.9 [7488]:ICEBufferReciver:I:TT2:监听对象成功初始化！
2009-01-19 03:30:19.5 [7488]:ICEBufferReciver:I:正在停止
2009-01-19 03:30:19.7 [7488]:ICEBufferReciver:I:TT2:动态接收器已经停止!
2009-01-19 03:30:33.2 [7488]:ICEBufferReciver:I:TT2:通讯器成功初始化！
2009-01-19 03:30:33.2 [7488]:ICEBufferReciver:I:1
2009-01-19 03:30:33.2 [7488]:ICEBufferReciver:I:2
2009-01-19 03:30:33.2 [7488]:ICEBufferReciver:I:3
2009-01-19 03:30:33.2 [7488]:ICEBufferReciver:I:TT2:监听对象成功初始化！
2009-01-19 03:32:20.8 [7488]:ICEBufferReciver:I:正在停止
2009-01-19 03:32:20.8 [7488]:ICEBufferReciver:I:TT2:动态接收器已经停止!
2009-01-19 06:02:35.8 [7543]:ICEBufferReciver:I:TT2:通讯器成功初始化！
2009-01-19 06:02:35.8 [7543]:ICEBufferReciver:I:1
2009-01-19 06:02:35.8 [7543]:ICEBufferReciver:I:2
2009-01-19 06:02:35.8 [7543]:ICEBufferReciver:I:3
2009-01-19 06:02:35.8 [7543]:ICEBufferReciver:I:TT2:监听对象成功初始化！
2009-01-19 06:04:17.4 [7543]:ICEBufferReciver:I:正在停止
2009-01-19 06:04:17.6 [7543]:ICEBufferReciver:I:TT2:动态接收器已经停止!
2009-01-19 06:04:17.7 [7543]:ICEBufferReciver:I:正在停止
2009-01-19 06:04:17.8 [7543]:ICEBufferReciver:I:停止适配器出错！std::exception
2009-01-19 06:04:17.9 [7543]:ICEBufferReciver:I:停止通讯器出错！std::exception
2009-01-19 06:04:17.9 [7543]:ICEBufferReciver:I:TT2:动态接收器已经停止!
2009-01-19 06:04:18.0 [7543]:ICEBufferReciver:I:TT2:通讯器成功初始化！
2009-01-19 06:04:18.0 [7543]:ICEBufferReciver:I:1
2009-01-19 06:04:18.0 [7543]:ICEBufferReciver:I:2
2009-01-19 06:04:18.0 [7543]:ICEBufferReciver:I:3
2009-01-19 06:04:18.0 [7543]:ICEBufferReciver:I:TT2:监听对象成功初始化！
2009-01-19 06:07:58.1 [7543]:ICEBufferReciver:I:正在停止
2009-01-19 06:07:58.2 [7543]:ICEBufferReciver:I:TT2:动态接收器已经停止!
