# Log file created/rotated Monday, 19 Jan 09 06:07:13 GMT
2009-01-19 06:07:13.7 [7543]:TT2-接收器:I:TT2:动态接收开始！->总数据长度：{1}605736
2009-01-19 06:07:13.8 [7543]:TT2-接收器:I:TT2:动态接收！->数据索引：0
2009-01-19 06:07:13.8 [7543]:TT2-接收器:I:TT2:动态接收！->发送的数据长度：56400
2009-01-19 06:07:13.8 [7543]:TT2-接收器:I:TT2:动态接收！->成功数据长度：56400
2009-01-19 06:07:13.9 [7543]:TT2-接收器:I:TT2:动态接收！->数据索引：1
2009-01-19 06:07:13.9 [7543]:TT2-接收器:I:TT2:动态接收！->发送的数据长度：56400
2009-01-19 06:07:13.9 [7543]:TT2-接收器:I:TT2:动态接收！->成功数据长度：56400
2009-01-19 06:07:13.9 [7543]:TT2-接收器:I:TT2:动态接收！->数据索引：2
2009-01-19 06:07:13.9 [7543]:TT2-接收器:I:TT2:动态接收！->发送的数据长度：56400
2009-01-19 06:07:14.0 [7543]:TT2-接收器:I:TT2:动态接收！->成功数据长度：56400
2009-01-19 06:07:14.0 [7543]:TT2-接收器:I:TT2:动态接收！->数据索引：3
2009-01-19 06:07:14.0 [7543]:TT2-接收器:I:TT2:动态接收！->发送的数据长度：56400
2009-01-19 06:07:14.0 [7543]:TT2-接收器:I:TT2:动态接收！->成功数据长度：56400
2009-01-19 06:07:14.0 [7543]:TT2-接收器:I:TT2:动态接收！->数据索引：4
2009-01-19 06:07:14.0 [7543]:TT2-接收器:I:TT2:动态接收！->发送的数据长度：56400
2009-01-19 06:07:14.0 [7543]:TT2-接收器:I:TT2:动态接收！->成功数据长度：56400
2009-01-19 06:07:14.0 [7543]:TT2-接收器:I:TT2:动态接收！->数据索引：5
2009-01-19 06:07:14.0 [7543]:TT2-接收器:I:TT2:动态接收！->发送的数据长度：56400
2009-01-19 06:07:14.0 [7543]:TT2-接收器:I:TT2:动态接收！->成功数据长度：56400
2009-01-19 06:07:14.1 [7543]:TT2-接收器:I:TT2:动态接收！->数据索引：6
2009-01-19 06:07:14.1 [7543]:TT2-接收器:I:TT2:动态接收！->发送的数据长度：56400
2009-01-19 06:07:14.1 [7543]:TT2-接收器:I:TT2:动态接收！->成功数据长度：56400
2009-01-19 06:07:14.1 [7543]:TT2-接收器:I:TT2:动态接收！->数据索引：7
2009-01-19 06:07:14.1 [7543]:TT2-接收器:I:TT2:动态接收！->发送的数据长度：56400
2009-01-19 06:07:14.1 [7543]:TT2-接收器:I:TT2:动态接收！->成功数据长度：56400
2009-01-19 06:07:14.1 [7543]:TT2-接收器:I:TT2:动态接收！->数据索引：8
2009-01-19 06:07:14.1 [7543]:TT2-接收器:I:TT2:动态接收！->发送的数据长度：56400
2009-01-19 06:07:14.1 [7543]:TT2-接收器:I:TT2:动态接收！->成功数据长度：56400
2009-01-19 06:07:14.2 [7543]:TT2-接收器:I:TT2:动态接收！->数据索引：9
2009-01-19 06:07:14.2 [7543]:TT2-接收器:I:TT2:动态接收！->发送的数据长度：56400
2009-01-19 06:07:14.2 [7543]:TT2-接收器:I:TT2:动态接收！->成功数据长度：56400
2009-01-19 06:07:14.2 [7543]:TT2-接收器:I:TT2:动态接收！->数据索引：10
2009-01-19 06:07:14.2 [7543]:TT2-接收器:I:TT2:动态接收！->发送的数据长度：41736
2009-01-19 06:07:14.2 [7543]:TT2-接收器:I:TT2:动态接收！->成功数据长度：41736
2009-01-19 06:07:14.2 [7543]:TT2-接收器:I:TT2动态接收完成！->实际数据长度：605736
