# Log file created/rotated Sunday, 18 Jan 09 14:57:15 GMT
2009-01-18 14:57:15.8 [5774]:UDPTSBroadcast:I:初始化
2009-01-18 14:57:16.1 [5774]:UDPTSBroadcast:I:开始启动服务器
2009-01-18 14:57:16.1 [5774]:UDPTSBroadcast:I:网络配置：default -p 7778 -h 192.168.11.204
2009-01-18 14:57:16.1 [5774]:UDPTSBroadcast:I:网络配置：default -p 7778 -h 192.168.11.204
2009-01-18 14:57:16.3 [5774]:UDPTSBroadcast:I:服务器控制监听器初始化中..
2009-01-18 14:57:16.4 [5774]:UDPTSBroadcast:I:服务器控制监听器成功初始化！
2009-01-18 14:57:16.5 [5774]:UDPTSBroadcast:I:控制服务初始化完成！
2009-01-18 14:57:16.5 [5774]:UDPTSBroadcast:I:服务器启动完成
2009-01-18 14:58:16.7 [5774]:UDPTSBroadcast:I:正在启动播出！
2009-01-18 14:58:16.8 [5774]:UDPTSBroadcast:I:正在启动播出--缓冲初始化完成！
2009-01-18 14:58:16.9 [5774]:UDPTSBroadcast:I:正在启动播出--复用器初始化完成！
2009-01-18 14:58:17.0 [5774]:UDPTSBroadcast:I:正在启动播出--运行时配置初始化完成！
2009-01-18 14:58:17.7 [5774]:UDPTSBroadcast:I:正在启动播出--运行时配置 复用配置完成！
2009-01-18 14:58:17.8 [5774]:UDPTSBroadcast:I:正在启动播出--数据准备线程初始化完成！
2009-01-18 14:58:17.9 [5774]:UDPTSBroadcast:I:正在启动播出--数据播出线程初始化完成！
2009-01-18 14:58:17.9 [5774]:UDPTSBroadcast:I:正在启动播出--Adapter初始化完成！
2009-01-18 14:58:17.9 [5774]:UDPTSBroadcast:I:复用器通讯装置设置完成！
2009-01-18 14:59:31.1 [5774]:UDPTSBroadcast:I:数据准备线程对象启动完成！
2009-01-18 14:59:31.1 [5774]:UDPTSBroadcast:I:播出线程对象启动完成！
2009-01-18 15:01:36.6 [5774]:UDPTSBroadcast:I:播出停止过程中...
2009-01-18 15:01:36.8 [5774]:UDPTSBroadcast:I:数据播出停止完成...
2009-01-18 15:01:44.5 [5774]:UDPTSBroadcast:I:数据准备停止完成...
2009-01-18 15:01:44.6 [5774]:UDPTSBroadcast:I:远程复用控制停止完成...
2009-01-18 15:01:44.6 [5774]:UDPTSBroadcast:I:重置播出完成...
2009-01-18 15:01:44.6 [5774]:UDPTSBroadcast:I:重置数据准备完成...
2009-01-18 15:01:44.6 [5774]:UDPTSBroadcast:I:重置运行时配置完成...
2009-01-18 15:01:44.7 [5774]:UDPTSBroadcast:I:复用器通道清除完成...
2009-01-18 15:01:44.8 [5774]:UDPTSBroadcast:I:重置复用器完成...
2009-01-18 15:01:44.9 [5774]:UDPTSBroadcast:I:重置缓冲完成...
2009-01-18 15:01:44.9 [5774]:UDPTSBroadcast:I:播出停止完成！
2009-01-18 15:04:38.1 [6059]:UDPTSBroadcast:I:初始化
2009-01-18 15:04:38.5 [6059]:UDPTSBroadcast:I:开始启动服务器
2009-01-18 15:04:38.5 [6059]:UDPTSBroadcast:I:网络配置：default -p 7778 -h 192.168.11.204
2009-01-18 15:04:38.5 [6059]:UDPTSBroadcast:I:网络配置：default -p 7778 -h 192.168.11.204
2009-01-18 15:04:38.8 [6059]:UDPTSBroadcast:I:服务器控制监听器初始化中..
2009-01-18 15:04:38.9 [6059]:UDPTSBroadcast:I:服务器控制监听器成功初始化！
2009-01-18 15:04:38.9 [6059]:UDPTSBroadcast:I:控制服务初始化完成！
2009-01-18 15:04:38.9 [6059]:UDPTSBroadcast:I:服务器启动完成
2009-01-18 15:04:49.7 [6059]:UDPTSBroadcast:I:正在启动播出！
2009-01-18 15:04:49.8 [6059]:UDPTSBroadcast:I:正在启动播出--缓冲初始化完成！
2009-01-18 15:04:49.9 [6059]:UDPTSBroadcast:I:正在启动播出--复用器初始化完成！
2009-01-18 15:04:49.9 [6059]:UDPTSBroadcast:I:正在启动播出--运行时配置初始化完成！
2009-01-18 15:04:50.6 [6059]:UDPTSBroadcast:I:正在启动播出--运行时配置 复用配置完成！
2009-01-18 15:04:50.7 [6059]:UDPTSBroadcast:I:正在启动播出--数据准备线程初始化完成！
2009-01-18 15:04:50.7 [6059]:UDPTSBroadcast:I:正在启动播出--数据播出线程初始化完成！
2009-01-18 15:04:50.7 [6059]:UDPTSBroadcast:I:正在启动播出--Adapter初始化完成！
2009-01-18 15:04:50.8 [6059]:UDPTSBroadcast:I:复用器通讯装置设置完成！
2009-01-18 15:05:58.5 [6059]:UDPTSBroadcast:I:数据准备线程对象启动完成！
2009-01-18 15:05:58.5 [6059]:UDPTSBroadcast:I:播出线程对象启动完成！
2009-01-18 15:06:22.7 [6059]:UDPTSBroadcast:I:播出停止过程中...
2009-01-18 15:06:22.9 [6059]:UDPTSBroadcast:I:数据播出停止完成...
2009-01-18 15:06:38.9 [6059]:UDPTSBroadcast:I:数据准备停止完成...
2009-01-18 15:06:38.9 [6059]:UDPTSBroadcast:I:远程复用控制停止完成...
2009-01-18 15:06:39.0 [6059]:UDPTSBroadcast:I:重置播出完成...
2009-01-18 15:06:39.0 [6059]:UDPTSBroadcast:I:重置数据准备完成...
2009-01-18 15:06:39.0 [6059]:UDPTSBroadcast:I:重置运行时配置完成...
2009-01-18 15:06:39.0 [6059]:UDPTSBroadcast:I:复用器通道清除完成...
2009-01-18 15:06:39.1 [6059]:UDPTSBroadcast:I:重置复用器完成...
2009-01-18 15:06:39.1 [6059]:UDPTSBroadcast:I:重置缓冲完成...
2009-01-18 15:06:39.1 [6059]:UDPTSBroadcast:I:播出停止完成！
2009-01-18 15:10:35.8 [6425]:UDPTSBroadcast:I:初始化
2009-01-18 15:10:36.1 [6425]:UDPTSBroadcast:I:开始启动服务器
2009-01-18 15:10:36.1 [6425]:UDPTSBroadcast:I:网络配置：default -p 7778 -h 192.168.11.204
2009-01-18 15:10:36.2 [6425]:UDPTSBroadcast:I:网络配置：default -p 7778 -h 192.168.11.204
2009-01-18 15:10:36.4 [6425]:UDPTSBroadcast:I:服务器控制监听器初始化中..
2009-01-18 15:10:36.5 [6425]:UDPTSBroadcast:I:服务器控制监听器成功初始化！
2009-01-18 15:10:36.5 [6425]:UDPTSBroadcast:I:控制服务初始化完成！
2009-01-18 15:10:36.5 [6425]:UDPTSBroadcast:I:服务器启动完成
2009-01-18 15:10:47.0 [6425]:UDPTSBroadcast:I:正在启动播出！
2009-01-18 15:10:47.1 [6425]:UDPTSBroadcast:I:正在启动播出--缓冲初始化完成！
2009-01-18 15:10:47.2 [6425]:UDPTSBroadcast:I:正在启动播出--复用器初始化完成！
2009-01-18 15:10:47.3 [6425]:UDPTSBroadcast:I:正在启动播出--运行时配置初始化完成！
2009-01-18 15:10:47.9 [6425]:UDPTSBroadcast:I:正在启动播出--运行时配置 复用配置完成！
2009-01-18 15:10:48.0 [6425]:UDPTSBroadcast:I:正在启动播出--数据准备线程初始化完成！
2009-01-18 15:10:48.0 [6425]:UDPTSBroadcast:I:正在启动播出--数据播出线程初始化完成！
2009-01-18 15:10:48.0 [6425]:UDPTSBroadcast:I:正在启动播出--Adapter初始化完成！
2009-01-18 15:10:48.0 [6425]:UDPTSBroadcast:I:复用器通讯装置设置完成！
2009-01-18 15:11:59.6 [6425]:UDPTSBroadcast:I:数据准备线程对象启动完成！
2009-01-18 15:11:59.6 [6425]:UDPTSBroadcast:I:播出线程对象启动完成！
2009-01-18 15:12:10.8 [6425]:UDPTSBroadcast:I:播出停止过程中...
2009-01-18 15:12:11.0 [6425]:UDPTSBroadcast:I:数据播出停止完成...
2009-01-18 15:12:19.0 [6425]:UDPTSBroadcast:I:数据准备停止完成...
2009-01-18 15:12:19.0 [6425]:UDPTSBroadcast:I:远程复用控制停止完成...
2009-01-18 15:12:19.0 [6425]:UDPTSBroadcast:I:重置播出完成...
2009-01-18 15:12:19.0 [6425]:UDPTSBroadcast:I:重置数据准备完成...
2009-01-18 15:12:19.0 [6425]:UDPTSBroadcast:I:重置运行时配置完成...
2009-01-18 15:12:19.1 [6425]:UDPTSBroadcast:I:复用器通道清除完成...
2009-01-18 15:12:19.1 [6425]:UDPTSBroadcast:I:重置复用器完成...
2009-01-18 15:12:19.1 [6425]:UDPTSBroadcast:I:重置缓冲完成...
2009-01-18 15:12:19.1 [6425]:UDPTSBroadcast:I:播出停止完成！
2009-01-18 15:13:01.4 [6425]:UDPTSBroadcast:I:正在启动播出！
2009-01-18 15:13:01.4 [6425]:UDPTSBroadcast:I:正在启动播出--缓冲初始化完成！
2009-01-18 15:13:01.4 [6425]:UDPTSBroadcast:I:正在启动播出--复用器初始化完成！
2009-01-18 15:13:01.4 [6425]:UDPTSBroadcast:I:正在启动播出--运行时配置初始化完成！
2009-01-18 15:13:01.7 [6425]:UDPTSBroadcast:I:正在启动播出--运行时配置 复用配置完成！
2009-01-18 15:13:01.7 [6425]:UDPTSBroadcast:I:正在启动播出--数据准备线程初始化完成！
2009-01-18 15:13:01.7 [6425]:UDPTSBroadcast:I:正在启动播出--数据播出线程初始化完成！
2009-01-18 15:13:01.7 [6425]:UDPTSBroadcast:I:正在启动播出--Adapter初始化完成！
2009-01-18 15:13:01.7 [6425]:UDPTSBroadcast:I:复用器通讯装置设置完成！
2009-01-18 15:14:06.6 [6425]:UDPTSBroadcast:I:数据准备线程对象启动完成！
2009-01-18 15:14:06.6 [6425]:UDPTSBroadcast:I:播出线程对象启动完成！
2009-01-18 15:14:49.3 [6425]:UDPTSBroadcast:I:播出停止过程中...
2009-01-18 15:14:49.4 [6425]:UDPTSBroadcast:I:数据播出停止完成...
2009-01-18 15:14:53.8 [6425]:UDPTSBroadcast:I:数据准备停止完成...
2009-01-18 15:14:53.8 [6425]:UDPTSBroadcast:I:远程复用控制停止完成...
2009-01-18 15:14:53.8 [6425]:UDPTSBroadcast:I:重置播出完成...
2009-01-18 15:14:53.8 [6425]:UDPTSBroadcast:I:重置数据准备完成...
2009-01-18 15:14:53.8 [6425]:UDPTSBroadcast:I:重置运行时配置完成...
2009-01-18 15:14:53.9 [6425]:UDPTSBroadcast:I:复用器通道清除完成...
2009-01-18 15:14:53.9 [6425]:UDPTSBroadcast:I:重置复用器完成...
2009-01-18 15:14:54.1 [6425]:UDPTSBroadcast:I:重置缓冲完成...
2009-01-18 15:14:54.1 [6425]:UDPTSBroadcast:I:播出停止完成！
2009-01-18 15:31:17.7 [6514]:UDPTSBroadcast:I:初始化
2009-01-18 15:31:18.0 [6514]:UDPTSBroadcast:I:开始启动服务器
2009-01-18 15:31:18.1 [6514]:UDPTSBroadcast:I:网络配置：default -p 7778 -h 192.168.11.204
2009-01-18 15:31:18.1 [6514]:UDPTSBroadcast:I:网络配置：default -p 7778 -h 192.168.11.204
2009-01-18 15:31:18.3 [6514]:UDPTSBroadcast:I:服务器控制监听器初始化中..
2009-01-18 15:31:18.4 [6514]:UDPTSBroadcast:I:服务器控制监听器成功初始化！
2009-01-18 15:31:18.4 [6514]:UDPTSBroadcast:I:控制服务初始化完成！
2009-01-18 15:31:18.4 [6514]:UDPTSBroadcast:I:服务器启动完成
2009-01-18 15:31:22.8 [6514]:UDPTSBroadcast:I:正在启动播出！
2009-01-18 15:31:22.9 [6514]:UDPTSBroadcast:I:正在启动播出--缓冲初始化完成！
2009-01-18 15:31:23.0 [6514]:UDPTSBroadcast:I:正在启动播出--复用器初始化完成！
2009-01-18 15:31:23.0 [6514]:UDPTSBroadcast:I:正在启动播出--运行时配置初始化完成！
2009-01-18 15:31:23.7 [6514]:UDPTSBroadcast:I:正在启动播出--运行时配置 复用配置完成！
2009-01-18 15:31:23.7 [6514]:UDPTSBroadcast:I:正在启动播出--数据准备线程初始化完成！
2009-01-18 15:31:23.7 [6514]:UDPTSBroadcast:I:正在启动播出--数据播出线程初始化完成！
2009-01-18 15:31:23.7 [6514]:UDPTSBroadcast:I:正在启动播出--Adapter初始化完成！
2009-01-18 15:31:23.8 [6514]:UDPTSBroadcast:I:复用器通讯装置设置完成！
2009-01-18 15:32:26.6 [6514]:UDPTSBroadcast:I:数据准备线程对象启动完成！
2009-01-18 15:32:26.6 [6514]:UDPTSBroadcast:I:播出线程对象启动完成！
2009-01-18 15:32:51.9 [6514]:UDPTSBroadcast:I:播出停止过程中...
2009-01-18 15:32:52.1 [6514]:UDPTSBroadcast:I:数据播出停止完成...
2009-01-18 15:33:07.0 [6514]:UDPTSBroadcast:I:数据准备停止完成...
2009-01-18 15:33:07.0 [6514]:UDPTSBroadcast:I:远程复用控制停止完成...
2009-01-18 15:33:07.0 [6514]:UDPTSBroadcast:I:重置播出完成...
2009-01-18 15:33:07.0 [6514]:UDPTSBroadcast:I:重置数据准备完成...
2009-01-18 15:33:07.0 [6514]:UDPTSBroadcast:I:重置运行时配置完成...
2009-01-18 15:33:07.1 [6514]:UDPTSBroadcast:I:复用器通道清除完成...
2009-01-18 15:33:07.1 [6514]:UDPTSBroadcast:I:重置复用器完成...
2009-01-18 15:33:07.2 [6514]:UDPTSBroadcast:I:重置缓冲完成...
2009-01-18 15:33:07.2 [6514]:UDPTSBroadcast:I:播出停止完成！
2009-01-18 15:33:22.9 [6514]:UDPTSBroadcast:I:正在启动播出！
2009-01-18 15:33:23.0 [6514]:UDPTSBroadcast:I:正在启动播出--缓冲初始化完成！
2009-01-18 15:33:23.0 [6514]:UDPTSBroadcast:I:正在启动播出--复用器初始化完成！
2009-01-18 15:33:23.0 [6514]:UDPTSBroadcast:I:正在启动播出--运行时配置初始化完成！
2009-01-18 15:33:23.3 [6514]:UDPTSBroadcast:I:正在启动播出--运行时配置 复用配置完成！
2009-01-18 15:33:23.3 [6514]:UDPTSBroadcast:I:正在启动播出--数据准备线程初始化完成！
2009-01-18 15:33:23.3 [6514]:UDPTSBroadcast:I:正在启动播出--数据播出线程初始化完成！
2009-01-18 15:33:23.3 [6514]:UDPTSBroadcast:I:正在启动播出--Adapter初始化完成！
2009-01-18 15:33:23.3 [6514]:UDPTSBroadcast:I:复用器通讯装置设置完成！
2009-01-18 15:34:33.4 [6514]:UDPTSBroadcast:I:数据准备线程对象启动完成！
2009-01-18 15:34:33.4 [6514]:UDPTSBroadcast:I:播出线程对象启动完成！
2009-01-18 15:34:42.4 [6514]:UDPTSBroadcast:I:播出停止过程中...
2009-01-18 15:34:42.5 [6514]:UDPTSBroadcast:I:数据播出停止完成...
2009-01-18 15:34:54.7 [6514]:UDPTSBroadcast:I:数据准备停止完成...
2009-01-18 15:34:54.7 [6514]:UDPTSBroadcast:I:远程复用控制停止完成...
2009-01-18 15:34:54.7 [6514]:UDPTSBroadcast:I:重置播出完成...
2009-01-18 15:34:54.7 [6514]:UDPTSBroadcast:I:重置数据准备完成...
2009-01-18 15:34:54.7 [6514]:UDPTSBroadcast:I:重置运行时配置完成...
2009-01-18 15:34:54.7 [6514]:UDPTSBroadcast:I:复用器通道清除完成...
2009-01-18 15:34:54.7 [6514]:UDPTSBroadcast:I:重置复用器完成...
2009-01-18 15:34:54.7 [6514]:UDPTSBroadcast:I:重置缓冲完成...
2009-01-18 15:34:54.7 [6514]:UDPTSBroadcast:I:播出停止完成！
2009-01-19 02:23:05.8 [7029]:UDPTSBroadcast:I:初始化
2009-01-19 02:23:06.1 [7029]:UDPTSBroadcast:I:开始启动服务器
2009-01-19 02:23:06.1 [7029]:UDPTSBroadcast:I:网络配置：default -p 7778 -h 172.16.26.16
2009-01-19 02:23:06.2 [7029]:UDPTSBroadcast:I:网络配置：default -p 7778 -h 172.16.26.16
2009-01-19 02:23:06.4 [7029]:UDPTSBroadcast:I:服务器控制监听器初始化中..
2009-01-19 02:23:06.5 [7029]:UDPTSBroadcast:I:服务器控制监听器成功初始化！
2009-01-19 02:23:06.5 [7029]:UDPTSBroadcast:I:控制服务初始化完成！
2009-01-19 02:23:06.5 [7029]:UDPTSBroadcast:I:服务器启动完成
2009-01-19 02:26:24.0 [7029]:UDPTSBroadcast:I:正在启动播出！
2009-01-19 02:26:24.1 [7029]:UDPTSBroadcast:I:正在启动播出--缓冲初始化完成！
2009-01-19 02:26:24.2 [7029]:UDPTSBroadcast:I:正在启动播出--复用器初始化完成！
2009-01-19 02:26:24.2 [7029]:UDPTSBroadcast:I:正在启动播出--运行时配置初始化完成！
2009-01-19 02:26:25.1 [7029]:UDPTSBroadcast:I:正在启动播出--运行时配置 复用配置完成！
2009-01-19 02:26:25.1 [7029]:UDPTSBroadcast:I:正在启动播出--数据准备线程初始化完成！
2009-01-19 02:26:25.1 [7029]:UDPTSBroadcast:I:正在启动播出--数据播出线程初始化完成！
2009-01-19 02:26:25.2 [7029]:UDPTSBroadcast:I:正在启动播出--Adapter初始化完成！
2009-01-19 02:26:25.2 [7029]:UDPTSBroadcast:I:复用器通讯装置设置完成！
2009-01-19 02:27:29.6 [7029]:UDPTSBroadcast:I:数据准备线程对象启动完成！
2009-01-19 02:27:29.6 [7029]:UDPTSBroadcast:I:播出线程对象启动完成！
2009-01-19 02:43:27.0 [7029]:UDPTSBroadcast:I:播出停止过程中...
2009-01-19 02:43:27.2 [7029]:UDPTSBroadcast:I:数据播出停止完成...
2009-01-19 02:43:38.4 [7029]:UDPTSBroadcast:I:数据准备停止完成...
2009-01-19 02:43:38.5 [7029]:UDPTSBroadcast:I:远程复用控制停止完成...
2009-01-19 02:43:38.5 [7029]:UDPTSBroadcast:I:重置播出完成...
2009-01-19 02:43:38.6 [7029]:UDPTSBroadcast:I:重置数据准备完成...
2009-01-19 02:43:38.6 [7029]:UDPTSBroadcast:I:重置运行时配置完成...
2009-01-19 02:43:38.7 [7029]:UDPTSBroadcast:I:复用器通道清除完成...
2009-01-19 02:43:38.7 [7029]:UDPTSBroadcast:I:重置复用器完成...
2009-01-19 02:43:38.8 [7029]:UDPTSBroadcast:I:重置缓冲完成...
2009-01-19 02:43:38.8 [7029]:UDPTSBroadcast:I:播出停止完成！
2009-01-19 02:43:45.0 [7029]:UDPTSBroadcast:I:正在启动播出！
2009-01-19 02:43:45.0 [7029]:UDPTSBroadcast:I:正在启动播出--缓冲初始化完成！
2009-01-19 02:43:45.0 [7029]:UDPTSBroadcast:I:正在启动播出--复用器初始化完成！
2009-01-19 02:43:45.0 [7029]:UDPTSBroadcast:I:正在启动播出--运行时配置初始化完成！
2009-01-19 02:43:45.5 [7029]:UDPTSBroadcast:I:正在启动播出--运行时配置 复用配置完成！
2009-01-19 02:43:45.5 [7029]:UDPTSBroadcast:I:正在启动播出--数据准备线程初始化完成！
2009-01-19 02:43:45.5 [7029]:UDPTSBroadcast:I:正在启动播出--数据播出线程初始化完成！
2009-01-19 02:43:45.5 [7029]:UDPTSBroadcast:I:正在启动播出--Adapter初始化完成！
2009-01-19 02:43:45.5 [7029]:UDPTSBroadcast:I:复用器通讯装置设置完成！
2009-01-19 02:45:03.8 [7029]:UDPTSBroadcast:I:数据准备线程对象启动完成！
2009-01-19 02:45:03.8 [7029]:UDPTSBroadcast:I:播出线程对象启动完成！
2009-01-19 02:45:20.6 [7029]:UDPTSBroadcast:I:播出停止过程中...
2009-01-19 02:45:20.7 [7029]:UDPTSBroadcast:I:数据播出停止完成...
2009-01-19 02:45:30.8 [7029]:UDPTSBroadcast:I:数据准备停止完成...
2009-01-19 02:45:30.8 [7029]:UDPTSBroadcast:I:远程复用控制停止完成...
2009-01-19 02:45:30.8 [7029]:UDPTSBroadcast:I:重置播出完成...
2009-01-19 02:45:30.8 [7029]:UDPTSBroadcast:I:重置数据准备完成...
2009-01-19 02:45:30.8 [7029]:UDPTSBroadcast:I:重置运行时配置完成...
2009-01-19 02:45:30.8 [7029]:UDPTSBroadcast:I:复用器通道清除完成...
2009-01-19 02:45:30.8 [7029]:UDPTSBroadcast:I:重置复用器完成...
2009-01-19 02:45:30.8 [7029]:UDPTSBroadcast:I:重置缓冲完成...
2009-01-19 02:45:30.8 [7029]:UDPTSBroadcast:I:播出停止完成！
2009-01-19 03:10:31.7 [7273]:UDPTSBroadcast:I:初始化
2009-01-19 03:10:32.0 [7273]:UDPTSBroadcast:I:开始启动服务器
2009-01-19 03:10:32.0 [7273]:UDPTSBroadcast:I:网络配置：default -p 7778 -h 172.16.26.16
2009-01-19 03:10:32.0 [7273]:UDPTSBroadcast:I:网络配置：default -p 7778 -h 172.16.26.16
2009-01-19 03:10:32.2 [7273]:UDPTSBroadcast:I:服务器控制监听器初始化中..
2009-01-19 03:10:32.3 [7273]:UDPTSBroadcast:I:服务器控制监听器成功初始化！
2009-01-19 03:10:32.4 [7273]:UDPTSBroadcast:I:控制服务初始化完成！
2009-01-19 03:10:32.4 [7273]:UDPTSBroadcast:I:服务器启动完成
2009-01-19 03:10:37.4 [7273]:UDPTSBroadcast:I:正在启动播出！
2009-01-19 03:10:37.5 [7273]:UDPTSBroadcast:I:正在启动播出--缓冲初始化完成！
2009-01-19 03:10:37.6 [7273]:UDPTSBroadcast:I:正在启动播出--复用器初始化完成！
2009-01-19 03:10:37.6 [7273]:UDPTSBroadcast:I:正在启动播出--运行时配置初始化完成！
2009-01-19 03:10:38.3 [7273]:UDPTSBroadcast:I:正在启动播出--运行时配置 复用配置完成！
2009-01-19 03:10:38.3 [7273]:UDPTSBroadcast:I:正在启动播出--数据准备线程初始化完成！
2009-01-19 03:10:38.4 [7273]:UDPTSBroadcast:I:正在启动播出--数据播出线程初始化完成！
2009-01-19 03:10:38.4 [7273]:UDPTSBroadcast:I:正在启动播出--Adapter初始化完成！
2009-01-19 03:10:38.4 [7273]:UDPTSBroadcast:I:复用器通讯装置设置完成！
2009-01-19 03:11:40.4 [7273]:UDPTSBroadcast:I:数据准备线程对象启动完成！
2009-01-19 03:11:40.4 [7273]:UDPTSBroadcast:I:播出线程对象启动完成！
2009-01-19 03:11:54.1 [7273]:UDPTSBroadcast:I:播出停止过程中...
2009-01-19 03:11:54.2 [7273]:UDPTSBroadcast:I:数据播出停止完成...
2009-01-19 03:11:59.6 [7273]:UDPTSBroadcast:I:数据准备停止完成...
2009-01-19 03:11:59.7 [7273]:UDPTSBroadcast:I:远程复用控制停止完成...
2009-01-19 03:11:59.7 [7273]:UDPTSBroadcast:I:重置播出完成...
2009-01-19 03:11:59.7 [7273]:UDPTSBroadcast:I:重置数据准备完成...
2009-01-19 03:11:59.7 [7273]:UDPTSBroadcast:I:重置运行时配置完成...
2009-01-19 03:11:59.8 [7273]:UDPTSBroadcast:I:复用器通道清除完成...
2009-01-19 03:11:59.8 [7273]:UDPTSBroadcast:I:重置复用器完成...
2009-01-19 03:11:59.9 [7273]:UDPTSBroadcast:I:重置缓冲完成...
2009-01-19 03:11:59.9 [7273]:UDPTSBroadcast:I:播出停止完成！
2009-01-19 03:18:43.2 [7349]:UDPTSBroadcast:I:初始化
2009-01-19 03:18:43.5 [7349]:UDPTSBroadcast:I:开始启动服务器
2009-01-19 03:18:43.5 [7349]:UDPTSBroadcast:I:网络配置：default -p 7778 -h 172.16.26.16
2009-01-19 03:18:43.5 [7349]:UDPTSBroadcast:I:网络配置：default -p 7778 -h 172.16.26.16
2009-01-19 03:18:43.8 [7349]:UDPTSBroadcast:I:服务器控制监听器初始化中..
2009-01-19 03:18:43.9 [7349]:UDPTSBroadcast:I:服务器控制监听器成功初始化！
2009-01-19 03:18:43.9 [7349]:UDPTSBroadcast:I:控制服务初始化完成！
2009-01-19 03:18:43.9 [7349]:UDPTSBroadcast:I:服务器启动完成
2009-01-19 03:18:46.0 [7349]:UDPTSBroadcast:I:正在启动播出！
2009-01-19 03:18:46.1 [7349]:UDPTSBroadcast:I:正在启动播出--缓冲初始化完成！
2009-01-19 03:18:46.2 [7349]:UDPTSBroadcast:I:正在启动播出--复用器初始化完成！
2009-01-19 03:18:46.2 [7349]:UDPTSBroadcast:I:正在启动播出--运行时配置初始化完成！
2009-01-19 03:18:46.9 [7349]:UDPTSBroadcast:I:正在启动播出--运行时配置 复用配置完成！
2009-01-19 03:18:46.9 [7349]:UDPTSBroadcast:I:正在启动播出--数据准备线程初始化完成！
2009-01-19 03:18:47.0 [7349]:UDPTSBroadcast:I:正在启动播出--数据播出线程初始化完成！
2009-01-19 03:18:47.0 [7349]:UDPTSBroadcast:I:正在启动播出--Adapter初始化完成！
2009-01-19 03:18:47.0 [7349]:UDPTSBroadcast:I:复用器通讯装置设置完成！
2009-01-19 03:19:47.6 [7349]:UDPTSBroadcast:I:数据准备线程对象启动完成！
2009-01-19 03:19:47.6 [7349]:UDPTSBroadcast:I:播出线程对象启动完成！
2009-01-19 03:19:57.8 [7349]:UDPTSBroadcast:I:播出停止过程中...
2009-01-19 03:19:58.0 [7349]:UDPTSBroadcast:I:数据播出停止完成...
2009-01-19 03:20:06.8 [7349]:UDPTSBroadcast:I:数据准备停止完成...
2009-01-19 03:20:06.8 [7349]:UDPTSBroadcast:I:远程复用控制停止完成...
2009-01-19 03:20:06.8 [7349]:UDPTSBroadcast:I:重置播出完成...
2009-01-19 03:20:06.8 [7349]:UDPTSBroadcast:I:重置数据准备完成...
2009-01-19 03:20:06.8 [7349]:UDPTSBroadcast:I:重置运行时配置完成...
2009-01-19 03:20:07.2 [7349]:UDPTSBroadcast:I:复用器通道清除完成...
2009-01-19 03:20:07.2 [7349]:UDPTSBroadcast:I:重置复用器完成...
2009-01-19 03:20:07.2 [7349]:UDPTSBroadcast:I:重置缓冲完成...
2009-01-19 03:20:07.2 [7349]:UDPTSBroadcast:I:播出停止完成！
2009-01-19 03:23:30.5 [7478]:UDPTSBroadcast:I:初始化
2009-01-19 03:23:30.8 [7478]:UDPTSBroadcast:I:开始启动服务器
2009-01-19 03:23:30.9 [7478]:UDPTSBroadcast:I:网络配置：default -p 7778 -h 172.16.26.16
2009-01-19 03:23:30.9 [7478]:UDPTSBroadcast:I:网络配置：default -p 7778 -h 172.16.26.16
2009-01-19 03:23:31.1 [7478]:UDPTSBroadcast:I:服务器控制监听器初始化中..
2009-01-19 03:23:31.2 [7478]:UDPTSBroadcast:I:服务器控制监听器成功初始化！
2009-01-19 03:23:31.2 [7478]:UDPTSBroadcast:I:控制服务初始化完成！
2009-01-19 03:23:31.2 [7478]:UDPTSBroadcast:I:服务器启动完成
2009-01-19 03:23:34.3 [7478]:UDPTSBroadcast:I:正在启动播出！
2009-01-19 03:23:34.4 [7478]:UDPTSBroadcast:I:正在启动播出--缓冲初始化完成！
2009-01-19 03:23:34.5 [7478]:UDPTSBroadcast:I:正在启动播出--复用器初始化完成！
2009-01-19 03:23:34.5 [7478]:UDPTSBroadcast:I:正在启动播出--运行时配置初始化完成！
2009-01-19 03:23:35.2 [7478]:UDPTSBroadcast:I:正在启动播出--运行时配置 复用配置完成！
2009-01-19 03:23:35.2 [7478]:UDPTSBroadcast:I:正在启动播出--数据准备线程初始化完成！
2009-01-19 03:23:35.3 [7478]:UDPTSBroadcast:I:正在启动播出--数据播出线程初始化完成！
2009-01-19 03:23:35.3 [7478]:UDPTSBroadcast:I:正在启动播出--Adapter初始化完成！
2009-01-19 03:23:35.3 [7478]:UDPTSBroadcast:I:复用器通讯装置设置完成！
2009-01-19 03:24:40.8 [7478]:UDPTSBroadcast:I:数据准备线程对象启动完成！
2009-01-19 03:24:40.9 [7478]:UDPTSBroadcast:I:播出线程对象启动完成！
2009-01-19 03:25:53.8 [7478]:UDPTSBroadcast:I:播出停止过程中...
2009-01-19 03:25:53.9 [7478]:UDPTSBroadcast:I:数据播出停止完成...
2009-01-19 03:25:58.4 [7478]:UDPTSBroadcast:I:数据准备停止完成...
2009-01-19 03:25:58.4 [7478]:UDPTSBroadcast:I:远程复用控制停止完成...
2009-01-19 03:25:58.5 [7478]:UDPTSBroadcast:I:重置播出完成...
2009-01-19 03:25:58.5 [7478]:UDPTSBroadcast:I:重置数据准备完成...
2009-01-19 03:25:58.5 [7478]:UDPTSBroadcast:I:重置运行时配置完成...
2009-01-19 03:25:58.7 [7478]:UDPTSBroadcast:I:复用器通道清除完成...
2009-01-19 03:25:58.8 [7478]:UDPTSBroadcast:I:重置复用器完成...
2009-01-19 03:25:58.9 [7478]:UDPTSBroadcast:I:重置缓冲完成...
2009-01-19 03:25:58.9 [7478]:UDPTSBroadcast:I:播出停止完成！
2009-01-19 03:26:21.4 [7478]:UDPTSBroadcast:I:正在启动播出！
2009-01-19 03:26:21.4 [7478]:UDPTSBroadcast:I:正在启动播出--缓冲初始化完成！
2009-01-19 03:26:21.5 [7478]:UDPTSBroadcast:I:正在启动播出--复用器初始化完成！
2009-01-19 03:26:21.5 [7478]:UDPTSBroadcast:I:正在启动播出--运行时配置初始化完成！
2009-01-19 03:26:21.7 [7478]:UDPTSBroadcast:I:正在启动播出--运行时配置 复用配置完成！
2009-01-19 03:26:21.7 [7478]:UDPTSBroadcast:I:正在启动播出--数据准备线程初始化完成！
2009-01-19 03:26:21.7 [7478]:UDPTSBroadcast:I:正在启动播出--数据播出线程初始化完成！
2009-01-19 03:26:21.7 [7478]:UDPTSBroadcast:I:正在启动播出--Adapter初始化完成！
2009-01-19 03:26:21.8 [7478]:UDPTSBroadcast:I:复用器通讯装置设置完成！
2009-01-19 03:27:41.8 [7478]:UDPTSBroadcast:I:数据准备线程对象启动完成！
2009-01-19 03:27:41.8 [7478]:UDPTSBroadcast:I:播出线程对象启动完成！
2009-01-19 03:27:56.8 [7478]:UDPTSBroadcast:I:播出停止过程中...
2009-01-19 03:27:56.9 [7478]:UDPTSBroadcast:I:数据播出停止完成...
2009-01-19 03:28:02.0 [7478]:UDPTSBroadcast:I:数据准备停止完成...
2009-01-19 03:28:02.4 [7478]:UDPTSBroadcast:I:播出停止过程中...
2009-01-19 03:28:02.4 [7478]:UDPTSBroadcast:I:播出停止过程中...
2009-01-19 03:28:12.2 [7488]:UDPTSBroadcast:I:初始化
2009-01-19 03:28:12.5 [7488]:UDPTSBroadcast:I:开始启动服务器
2009-01-19 03:28:12.6 [7488]:UDPTSBroadcast:I:网络配置：default -p 7778 -h 172.16.26.16
2009-01-19 03:28:12.6 [7488]:UDPTSBroadcast:I:网络配置：default -p 7778 -h 172.16.26.16
2009-01-19 03:28:12.8 [7488]:UDPTSBroadcast:I:服务器控制监听器初始化中..
2009-01-19 03:28:12.9 [7488]:UDPTSBroadcast:I:服务器控制监听器成功初始化！
2009-01-19 03:28:12.9 [7488]:UDPTSBroadcast:I:控制服务初始化完成！
2009-01-19 03:28:12.9 [7488]:UDPTSBroadcast:I:服务器启动完成
2009-01-19 03:28:32.9 [7488]:UDPTSBroadcast:I:正在启动播出！
2009-01-19 03:28:33.1 [7488]:UDPTSBroadcast:I:正在启动播出--缓冲初始化完成！
2009-01-19 03:28:33.2 [7488]:UDPTSBroadcast:I:正在启动播出--复用器初始化完成！
2009-01-19 03:28:33.2 [7488]:UDPTSBroadcast:I:正在启动播出--运行时配置初始化完成！
2009-01-19 03:28:33.9 [7488]:UDPTSBroadcast:I:正在启动播出--运行时配置 复用配置完成！
2009-01-19 03:28:34.0 [7488]:UDPTSBroadcast:I:正在启动播出--数据准备线程初始化完成！
2009-01-19 03:28:34.0 [7488]:UDPTSBroadcast:I:正在启动播出--数据播出线程初始化完成！
2009-01-19 03:28:34.0 [7488]:UDPTSBroadcast:I:正在启动播出--Adapter初始化完成！
2009-01-19 03:28:34.0 [7488]:UDPTSBroadcast:I:复用器通讯装置设置完成！
2009-01-19 03:29:56.3 [7488]:UDPTSBroadcast:I:数据准备线程对象启动完成！
2009-01-19 03:29:56.3 [7488]:UDPTSBroadcast:I:播出线程对象启动完成！
2009-01-19 03:30:12.4 [7488]:UDPTSBroadcast:I:播出停止过程中...
2009-01-19 03:30:12.5 [7488]:UDPTSBroadcast:I:数据播出停止完成...
2009-01-19 03:30:19.3 [7488]:UDPTSBroadcast:I:数据准备停止完成...
2009-01-19 03:30:19.5 [7488]:UDPTSBroadcast:I:远程复用控制停止完成...
2009-01-19 03:30:19.5 [7488]:UDPTSBroadcast:I:重置播出完成...
2009-01-19 03:30:19.5 [7488]:UDPTSBroadcast:I:重置数据准备完成...
2009-01-19 03:30:19.5 [7488]:UDPTSBroadcast:I:重置运行时配置完成...
2009-01-19 03:30:19.8 [7488]:UDPTSBroadcast:I:复用器通道清除完成...
2009-01-19 03:30:19.9 [7488]:UDPTSBroadcast:I:重置复用器完成...
2009-01-19 03:30:19.9 [7488]:UDPTSBroadcast:I:重置缓冲完成...
2009-01-19 03:30:19.9 [7488]:UDPTSBroadcast:I:播出停止完成！
2009-01-19 03:30:32.9 [7488]:UDPTSBroadcast:I:正在启动播出！
2009-01-19 03:30:32.9 [7488]:UDPTSBroadcast:I:正在启动播出--缓冲初始化完成！
2009-01-19 03:30:32.9 [7488]:UDPTSBroadcast:I:正在启动播出--复用器初始化完成！
2009-01-19 03:30:32.9 [7488]:UDPTSBroadcast:I:正在启动播出--运行时配置初始化完成！
2009-01-19 03:30:33.2 [7488]:UDPTSBroadcast:I:正在启动播出--运行时配置 复用配置完成！
2009-01-19 03:30:33.2 [7488]:UDPTSBroadcast:I:正在启动播出--数据准备线程初始化完成！
2009-01-19 03:30:33.2 [7488]:UDPTSBroadcast:I:正在启动播出--数据播出线程初始化完成！
2009-01-19 03:30:33.2 [7488]:UDPTSBroadcast:I:正在启动播出--Adapter初始化完成！
2009-01-19 03:30:33.2 [7488]:UDPTSBroadcast:I:复用器通讯装置设置完成！
2009-01-19 03:31:53.8 [7488]:UDPTSBroadcast:I:数据准备线程对象启动完成！
2009-01-19 03:31:53.8 [7488]:UDPTSBroadcast:I:播出线程对象启动完成！
2009-01-19 03:32:11.8 [7488]:UDPTSBroadcast:I:播出停止过程中...
2009-01-19 03:32:11.9 [7488]:UDPTSBroadcast:I:数据播出停止完成...
2009-01-19 03:32:20.7 [7488]:UDPTSBroadcast:I:数据准备停止完成...
2009-01-19 03:32:20.7 [7488]:UDPTSBroadcast:I:远程复用控制停止完成...
2009-01-19 03:32:20.7 [7488]:UDPTSBroadcast:I:重置播出完成...
2009-01-19 03:32:20.7 [7488]:UDPTSBroadcast:I:重置数据准备完成...
2009-01-19 03:32:20.7 [7488]:UDPTSBroadcast:I:重置运行时配置完成...
2009-01-19 03:32:20.8 [7488]:UDPTSBroadcast:I:复用器通道清除完成...
2009-01-19 03:32:20.8 [7488]:UDPTSBroadcast:I:重置复用器完成...
2009-01-19 03:32:20.8 [7488]:UDPTSBroadcast:I:重置缓冲完成...
2009-01-19 03:32:20.8 [7488]:UDPTSBroadcast:I:播出停止完成！
2009-01-19 06:00:14.6 [7543]:UDPTSBroadcast:I:初始化
2009-01-19 06:00:14.9 [7543]:UDPTSBroadcast:I:开始启动服务器
2009-01-19 06:00:15.0 [7543]:UDPTSBroadcast:I:网络配置：default -p 7778 -h 172.16.26.16
2009-01-19 06:00:15.0 [7543]:UDPTSBroadcast:I:网络配置：default -p 7778 -h 172.16.26.16
2009-01-19 06:00:15.2 [7543]:UDPTSBroadcast:I:服务器控制监听器初始化中..
2009-01-19 06:00:15.3 [7543]:UDPTSBroadcast:I:服务器控制监听器成功初始化！
2009-01-19 06:00:15.3 [7543]:UDPTSBroadcast:I:控制服务初始化完成！
2009-01-19 06:00:15.3 [7543]:UDPTSBroadcast:I:服务器启动完成
2009-01-19 06:02:34.9 [7543]:UDPTSBroadcast:I:正在启动播出！
2009-01-19 06:02:35.0 [7543]:UDPTSBroadcast:I:正在启动播出--缓冲初始化完成！
2009-01-19 06:02:35.1 [7543]:UDPTSBroadcast:I:正在启动播出--复用器初始化完成！
2009-01-19 06:02:35.2 [7543]:UDPTSBroadcast:I:正在启动播出--运行时配置初始化完成！
2009-01-19 06:02:35.8 [7543]:UDPTSBroadcast:I:正在启动播出--运行时配置 复用配置完成！
2009-01-19 06:02:35.9 [7543]:UDPTSBroadcast:I:正在启动播出--数据准备线程初始化完成！
2009-01-19 06:02:35.9 [7543]:UDPTSBroadcast:I:正在启动播出--数据播出线程初始化完成！
2009-01-19 06:02:35.9 [7543]:UDPTSBroadcast:I:正在启动播出--Adapter初始化完成！
2009-01-19 06:02:35.9 [7543]:UDPTSBroadcast:I:复用器通讯装置设置完成！
2009-01-19 06:03:44.4 [7543]:UDPTSBroadcast:I:数据准备线程对象启动完成！
2009-01-19 06:03:44.4 [7543]:UDPTSBroadcast:I:播出线程对象启动完成！
2009-01-19 06:07:57.1 [7543]:UDPTSBroadcast:I:播出停止过程中...
2009-01-19 06:07:57.3 [7543]:UDPTSBroadcast:I:数据播出停止完成...
2009-01-19 06:07:57.9 [7543]:UDPTSBroadcast:I:数据准备停止完成...
2009-01-19 06:07:58.0 [7543]:UDPTSBroadcast:I:远程复用控制停止完成...
2009-01-19 06:07:58.0 [7543]:UDPTSBroadcast:I:重置播出完成...
2009-01-19 06:07:58.1 [7543]:UDPTSBroadcast:I:重置数据准备完成...
2009-01-19 06:07:58.1 [7543]:UDPTSBroadcast:I:重置运行时配置完成...
2009-01-19 06:07:58.2 [7543]:UDPTSBroadcast:I:复用器通道清除完成...
2009-01-19 06:07:58.2 [7543]:UDPTSBroadcast:I:重置复用器完成...
2009-01-19 06:07:58.3 [7543]:UDPTSBroadcast:I:重置缓冲完成...
2009-01-19 06:07:58.3 [7543]:UDPTSBroadcast:I:播出停止完成！
