# Log file created/rotated Sunday, 18 Jan 09 14:58:17 GMT
2009-01-18 14:58:17.8 [5774]:UDPTSBroadcastThread:I:线程：播出线程 初始化中...
2009-01-18 14:59:31.1 [5774]:UDPTSBroadcastThread:I:线程：播出线程 正在初始化网络中..
2009-01-18 14:59:31.1 [5774]:UDPTSBroadcastThread:I:线程：播出线程 开始运行！.
2009-01-18 14:59:31.9 [5774]:UDPTSBroadcastThread:I:线程：播出线程 开始播出.
2009-01-18 15:01:36.6 [5774]:UDPTSBroadcastThread:I:线程：播出线程 停止中...
2009-01-18 15:01:36.6 [5774]:UDPTSBroadcastThread:I:停止中.1..
2009-01-18 15:01:36.6 [5774]:UDPTSBroadcastThread:I:停止中.2..
2009-01-18 15:01:36.8 [5774]:UDPTSBroadcastThread:I:线程：播出线程 结束运行...
2009-01-18 15:01:36.8 [5774]:UDPTSBroadcastThread:I:线程：播出线程 停止完成！
2009-01-18 15:01:36.8 [5774]:UDPTSBroadcastThread:I:<MEM>释放中...
2009-01-18 15:01:36.8 [5774]:UDPTSBroadcastThread:I:<MEM>已释放...
2009-01-18 15:04:50.7 [6059]:UDPTSBroadcastThread:I:线程：播出线程 初始化中...
2009-01-18 15:05:58.5 [6059]:UDPTSBroadcastThread:I:线程：播出线程 正在初始化网络中..
2009-01-18 15:05:58.5 [6059]:UDPTSBroadcastThread:I:线程：播出线程 开始运行！.
2009-01-18 15:05:59.4 [6059]:UDPTSBroadcastThread:I:线程：播出线程 开始播出.
2009-01-18 15:06:22.7 [6059]:UDPTSBroadcastThread:I:线程：播出线程 停止中...
2009-01-18 15:06:22.7 [6059]:UDPTSBroadcastThread:I:停止中.1..
2009-01-18 15:06:22.7 [6059]:UDPTSBroadcastThread:I:停止中.2..
2009-01-18 15:06:22.8 [6059]:UDPTSBroadcastThread:I:线程：播出线程 结束运行...
2009-01-18 15:06:22.9 [6059]:UDPTSBroadcastThread:I:线程：播出线程 停止完成！
2009-01-18 15:06:22.9 [6059]:UDPTSBroadcastThread:I:<MEM>释放中...
2009-01-18 15:06:22.9 [6059]:UDPTSBroadcastThread:I:<MEM>已释放...
2009-01-18 15:10:48.0 [6425]:UDPTSBroadcastThread:I:线程：播出线程 初始化中...
2009-01-18 15:11:59.6 [6425]:UDPTSBroadcastThread:I:线程：播出线程 正在初始化网络中..
2009-01-18 15:11:59.6 [6425]:UDPTSBroadcastThread:I:线程：播出线程 开始运行！.
2009-01-18 15:12:00.4 [6425]:UDPTSBroadcastThread:I:线程：播出线程 开始播出.
2009-01-18 15:12:10.8 [6425]:UDPTSBroadcastThread:I:线程：播出线程 停止中...
2009-01-18 15:12:10.8 [6425]:UDPTSBroadcastThread:I:停止中.1..
2009-01-18 15:12:10.8 [6425]:UDPTSBroadcastThread:I:停止中.2..
2009-01-18 15:12:10.9 [6425]:UDPTSBroadcastThread:I:线程：播出线程 结束运行...
2009-01-18 15:12:11.0 [6425]:UDPTSBroadcastThread:I:线程：播出线程 停止完成！
2009-01-18 15:12:11.0 [6425]:UDPTSBroadcastThread:I:<MEM>释放中...
2009-01-18 15:12:11.0 [6425]:UDPTSBroadcastThread:I:<MEM>已释放...
2009-01-18 15:13:01.7 [6425]:UDPTSBroadcastThread:I:线程：播出线程 初始化中...
2009-01-18 15:14:06.6 [6425]:UDPTSBroadcastThread:I:线程：播出线程 正在初始化网络中..
2009-01-18 15:14:06.6 [6425]:UDPTSBroadcastThread:I:线程：播出线程 开始运行！.
2009-01-18 15:14:07.6 [6425]:UDPTSBroadcastThread:I:线程：播出线程 开始播出.
2009-01-18 15:14:49.3 [6425]:UDPTSBroadcastThread:I:线程：播出线程 停止中...
2009-01-18 15:14:49.3 [6425]:UDPTSBroadcastThread:I:停止中.1..
2009-01-18 15:14:49.3 [6425]:UDPTSBroadcastThread:I:停止中.2..
2009-01-18 15:14:49.4 [6425]:UDPTSBroadcastThread:I:线程：播出线程 结束运行...
2009-01-18 15:14:49.4 [6425]:UDPTSBroadcastThread:I:线程：播出线程 停止完成！
2009-01-18 15:14:49.4 [6425]:UDPTSBroadcastThread:I:<MEM>释放中...
2009-01-18 15:14:49.4 [6425]:UDPTSBroadcastThread:I:<MEM>已释放...
2009-01-18 15:31:23.7 [6514]:UDPTSBroadcastThread:I:线程：播出线程 初始化中...
2009-01-18 15:32:26.6 [6514]:UDPTSBroadcastThread:I:线程：播出线程 正在初始化网络中..
2009-01-18 15:32:26.6 [6514]:UDPTSBroadcastThread:I:线程：播出线程 开始运行！.
2009-01-18 15:32:27.4 [6514]:UDPTSBroadcastThread:I:线程：播出线程 开始播出.
2009-01-18 15:32:51.9 [6514]:UDPTSBroadcastThread:I:线程：播出线程 停止中...
2009-01-18 15:32:51.9 [6514]:UDPTSBroadcastThread:I:停止中.1..
2009-01-18 15:32:51.9 [6514]:UDPTSBroadcastThread:I:停止中.2..
2009-01-18 15:32:52.0 [6514]:UDPTSBroadcastThread:I:线程：播出线程 结束运行...
2009-01-18 15:32:52.0 [6514]:UDPTSBroadcastThread:I:线程：播出线程 停止完成！
2009-01-18 15:32:52.0 [6514]:UDPTSBroadcastThread:I:<MEM>释放中...
2009-01-18 15:32:52.0 [6514]:UDPTSBroadcastThread:I:<MEM>已释放...
2009-01-18 15:33:23.3 [6514]:UDPTSBroadcastThread:I:线程：播出线程 初始化中...
2009-01-18 15:34:33.4 [6514]:UDPTSBroadcastThread:I:线程：播出线程 正在初始化网络中..
2009-01-18 15:34:33.4 [6514]:UDPTSBroadcastThread:I:线程：播出线程 开始运行！.
2009-01-18 15:34:34.2 [6514]:UDPTSBroadcastThread:I:线程：播出线程 开始播出.
2009-01-18 15:34:42.4 [6514]:UDPTSBroadcastThread:I:线程：播出线程 停止中...
2009-01-18 15:34:42.4 [6514]:UDPTSBroadcastThread:I:停止中.1..
2009-01-18 15:34:42.4 [6514]:UDPTSBroadcastThread:I:停止中.2..
2009-01-18 15:34:42.5 [6514]:UDPTSBroadcastThread:I:线程：播出线程 结束运行...
2009-01-18 15:34:42.5 [6514]:UDPTSBroadcastThread:I:线程：播出线程 停止完成！
2009-01-18 15:34:42.5 [6514]:UDPTSBroadcastThread:I:<MEM>释放中...
2009-01-18 15:34:42.5 [6514]:UDPTSBroadcastThread:I:<MEM>已释放...
2009-01-19 02:26:25.1 [7029]:UDPTSBroadcastThread:I:线程：播出线程 初始化中...
2009-01-19 02:27:29.6 [7029]:UDPTSBroadcastThread:I:线程：播出线程 正在初始化网络中..
2009-01-19 02:27:29.6 [7029]:UDPTSBroadcastThread:I:线程：播出线程 开始运行！.
2009-01-19 02:27:30.3 [7029]:UDPTSBroadcastThread:I:线程：播出线程 开始播出.
2009-01-19 02:43:27.1 [7029]:UDPTSBroadcastThread:I:线程：播出线程 停止中...
2009-01-19 02:43:27.1 [7029]:UDPTSBroadcastThread:I:停止中.1..
2009-01-19 02:43:27.1 [7029]:UDPTSBroadcastThread:I:停止中.2..
2009-01-19 02:43:27.2 [7029]:UDPTSBroadcastThread:I:线程：播出线程 结束运行...
2009-01-19 02:43:27.2 [7029]:UDPTSBroadcastThread:I:线程：播出线程 停止完成！
2009-01-19 02:43:27.2 [7029]:UDPTSBroadcastThread:I:<MEM>释放中...
2009-01-19 02:43:27.2 [7029]:UDPTSBroadcastThread:I:<MEM>已释放...
2009-01-19 02:43:45.5 [7029]:UDPTSBroadcastThread:I:线程：播出线程 初始化中...
2009-01-19 02:45:03.8 [7029]:UDPTSBroadcastThread:I:线程：播出线程 正在初始化网络中..
2009-01-19 02:45:03.8 [7029]:UDPTSBroadcastThread:I:线程：播出线程 开始运行！.
2009-01-19 02:45:04.6 [7029]:UDPTSBroadcastThread:I:线程：播出线程 开始播出.
2009-01-19 02:45:20.6 [7029]:UDPTSBroadcastThread:I:线程：播出线程 停止中...
2009-01-19 02:45:20.6 [7029]:UDPTSBroadcastThread:I:停止中.1..
2009-01-19 02:45:20.6 [7029]:UDPTSBroadcastThread:I:停止中.2..
2009-01-19 02:45:20.7 [7029]:UDPTSBroadcastThread:I:线程：播出线程 结束运行...
2009-01-19 02:45:20.7 [7029]:UDPTSBroadcastThread:I:线程：播出线程 停止完成！
2009-01-19 02:45:20.7 [7029]:UDPTSBroadcastThread:I:<MEM>释放中...
2009-01-19 02:45:20.7 [7029]:UDPTSBroadcastThread:I:<MEM>已释放...
2009-01-19 03:10:38.4 [7273]:UDPTSBroadcastThread:I:线程：播出线程 初始化中...
2009-01-19 03:11:40.4 [7273]:UDPTSBroadcastThread:I:线程：播出线程 正在初始化网络中..
2009-01-19 03:11:40.4 [7273]:UDPTSBroadcastThread:I:线程：播出线程 开始运行！.
2009-01-19 03:11:41.2 [7273]:UDPTSBroadcastThread:I:线程：播出线程 开始播出.
2009-01-19 03:11:54.1 [7273]:UDPTSBroadcastThread:I:线程：播出线程 停止中...
2009-01-19 03:11:54.1 [7273]:UDPTSBroadcastThread:I:停止中.1..
2009-01-19 03:11:54.1 [7273]:UDPTSBroadcastThread:I:停止中.2..
2009-01-19 03:11:54.2 [7273]:UDPTSBroadcastThread:I:线程：播出线程 结束运行...
2009-01-19 03:11:54.2 [7273]:UDPTSBroadcastThread:I:线程：播出线程 停止完成！
2009-01-19 03:11:54.2 [7273]:UDPTSBroadcastThread:I:<MEM>释放中...
2009-01-19 03:11:54.2 [7273]:UDPTSBroadcastThread:I:<MEM>已释放...
2009-01-19 03:18:46.9 [7349]:UDPTSBroadcastThread:I:线程：播出线程 初始化中...
2009-01-19 03:19:47.6 [7349]:UDPTSBroadcastThread:I:线程：播出线程 正在初始化网络中..
2009-01-19 03:19:47.7 [7349]:UDPTSBroadcastThread:I:线程：播出线程 开始运行！.
2009-01-19 03:19:48.4 [7349]:UDPTSBroadcastThread:I:线程：播出线程 开始播出.
2009-01-19 03:19:57.8 [7349]:UDPTSBroadcastThread:I:线程：播出线程 停止中...
2009-01-19 03:19:57.8 [7349]:UDPTSBroadcastThread:I:停止中.1..
2009-01-19 03:19:57.8 [7349]:UDPTSBroadcastThread:I:停止中.2..
2009-01-19 03:19:57.9 [7349]:UDPTSBroadcastThread:I:线程：播出线程 结束运行...
2009-01-19 03:19:58.0 [7349]:UDPTSBroadcastThread:I:线程：播出线程 停止完成！
2009-01-19 03:19:58.0 [7349]:UDPTSBroadcastThread:I:<MEM>释放中...
2009-01-19 03:19:58.0 [7349]:UDPTSBroadcastThread:I:<MEM>已释放...
2009-01-19 03:23:35.2 [7478]:UDPTSBroadcastThread:I:线程：播出线程 初始化中...
2009-01-19 03:24:40.9 [7478]:UDPTSBroadcastThread:I:线程：播出线程 正在初始化网络中..
2009-01-19 03:24:40.9 [7478]:UDPTSBroadcastThread:I:线程：播出线程 开始运行！.
2009-01-19 03:24:42.0 [7478]:UDPTSBroadcastThread:I:线程：播出线程 开始播出.
2009-01-19 03:25:53.8 [7478]:UDPTSBroadcastThread:I:线程：播出线程 停止中...
2009-01-19 03:25:53.8 [7478]:UDPTSBroadcastThread:I:停止中.1..
2009-01-19 03:25:53.8 [7478]:UDPTSBroadcastThread:I:停止中.2..
2009-01-19 03:25:53.9 [7478]:UDPTSBroadcastThread:I:线程：播出线程 结束运行...
2009-01-19 03:25:53.9 [7478]:UDPTSBroadcastThread:I:线程：播出线程 停止完成！
2009-01-19 03:25:53.9 [7478]:UDPTSBroadcastThread:I:<MEM>释放中...
2009-01-19 03:25:53.9 [7478]:UDPTSBroadcastThread:I:<MEM>已释放...
2009-01-19 03:26:21.7 [7478]:UDPTSBroadcastThread:I:线程：播出线程 初始化中...
2009-01-19 03:27:41.8 [7478]:UDPTSBroadcastThread:I:线程：播出线程 正在初始化网络中..
2009-01-19 03:27:41.8 [7478]:UDPTSBroadcastThread:I:线程：播出线程 开始运行！.
2009-01-19 03:27:42.4 [7478]:UDPTSBroadcastThread:I:线程：播出线程 开始播出.
2009-01-19 03:27:56.8 [7478]:UDPTSBroadcastThread:I:线程：播出线程 停止中...
2009-01-19 03:27:56.8 [7478]:UDPTSBroadcastThread:I:停止中.1..
2009-01-19 03:27:56.8 [7478]:UDPTSBroadcastThread:I:停止中.2..
2009-01-19 03:27:56.9 [7478]:UDPTSBroadcastThread:I:线程：播出线程 结束运行...
2009-01-19 03:27:56.9 [7478]:UDPTSBroadcastThread:I:线程：播出线程 停止完成！
2009-01-19 03:27:56.9 [7478]:UDPTSBroadcastThread:I:<MEM>释放中...
2009-01-19 03:27:56.9 [7478]:UDPTSBroadcastThread:I:<MEM>已释放...
2009-01-19 03:28:34.0 [7488]:UDPTSBroadcastThread:I:线程：播出线程 初始化中...
2009-01-19 03:29:56.3 [7488]:UDPTSBroadcastThread:I:线程：播出线程 正在初始化网络中..
2009-01-19 03:29:56.3 [7488]:UDPTSBroadcastThread:I:线程：播出线程 开始运行！.
2009-01-19 03:29:57.0 [7488]:UDPTSBroadcastThread:I:线程：播出线程 开始播出.
2009-01-19 03:30:12.4 [7488]:UDPTSBroadcastThread:I:线程：播出线程 停止中...
2009-01-19 03:30:12.4 [7488]:UDPTSBroadcastThread:I:停止中.1..
2009-01-19 03:30:12.4 [7488]:UDPTSBroadcastThread:I:停止中.2..
2009-01-19 03:30:12.5 [7488]:UDPTSBroadcastThread:I:线程：播出线程 结束运行...
2009-01-19 03:30:12.5 [7488]:UDPTSBroadcastThread:I:线程：播出线程 停止完成！
2009-01-19 03:30:12.5 [7488]:UDPTSBroadcastThread:I:<MEM>释放中...
2009-01-19 03:30:12.5 [7488]:UDPTSBroadcastThread:I:<MEM>已释放...
2009-01-19 03:30:33.2 [7488]:UDPTSBroadcastThread:I:线程：播出线程 初始化中...
2009-01-19 03:31:53.8 [7488]:UDPTSBroadcastThread:I:线程：播出线程 正在初始化网络中..
2009-01-19 03:31:53.8 [7488]:UDPTSBroadcastThread:I:线程：播出线程 开始运行！.
2009-01-19 03:31:54.6 [7488]:UDPTSBroadcastThread:I:线程：播出线程 开始播出.
2009-01-19 03:32:11.8 [7488]:UDPTSBroadcastThread:I:线程：播出线程 停止中...
2009-01-19 03:32:11.8 [7488]:UDPTSBroadcastThread:I:停止中.1..
2009-01-19 03:32:11.8 [7488]:UDPTSBroadcastThread:I:停止中.2..
2009-01-19 03:32:11.9 [7488]:UDPTSBroadcastThread:I:线程：播出线程 结束运行...
2009-01-19 03:32:11.9 [7488]:UDPTSBroadcastThread:I:线程：播出线程 停止完成！
2009-01-19 03:32:11.9 [7488]:UDPTSBroadcastThread:I:<MEM>释放中...
2009-01-19 03:32:11.9 [7488]:UDPTSBroadcastThread:I:<MEM>已释放...
2009-01-19 06:02:35.9 [7543]:UDPTSBroadcastThread:I:线程：播出线程 初始化中...
2009-01-19 06:03:44.4 [7543]:UDPTSBroadcastThread:I:线程：播出线程 正在初始化网络中..
2009-01-19 06:03:44.4 [7543]:UDPTSBroadcastThread:I:线程：播出线程 开始运行！.
2009-01-19 06:03:45.1 [7543]:UDPTSBroadcastThread:I:线程：播出线程 开始播出.
2009-01-19 06:07:57.1 [7543]:UDPTSBroadcastThread:I:线程：播出线程 停止中...
2009-01-19 06:07:57.1 [7543]:UDPTSBroadcastThread:I:停止中.1..
2009-01-19 06:07:57.1 [7543]:UDPTSBroadcastThread:I:停止中.2..
2009-01-19 06:07:57.2 [7543]:UDPTSBroadcastThread:I:线程：播出线程 结束运行...
2009-01-19 06:07:57.2 [7543]:UDPTSBroadcastThread:I:线程：播出线程 停止完成！
2009-01-19 06:07:57.2 [7543]:UDPTSBroadcastThread:I:<MEM>释放中...
2009-01-19 06:07:57.2 [7543]:UDPTSBroadcastThread:I:<MEM>已释放...
