# Log file created/rotated Sunday, 18 Jan 09 14:58:17 GMT
2009-01-18 14:58:17.8 [5774]:数据准备线程对象:I:初始化...
2009-01-18 14:58:17.9 [5774]:数据准备线程对象:I:正在启动...
2009-01-18 14:58:17.9 [5774]:数据准备线程对象:I:正在准备数据...
2009-01-18 14:59:29.0 [5774]:数据准备线程对象:I:线程运行开始！
2009-01-18 14:59:29.1 [5774]:数据准备线程对象:I:启动完成...
2009-01-18 15:01:36.8 [5774]:数据准备线程对象:I:停止中...
2009-01-18 15:01:36.9 [5774]:数据准备线程对象:I:停止中.1..
2009-01-18 15:01:36.9 [5774]:数据准备线程对象:I:停止中..正在解决数据准备缓冲锁...
2009-01-18 15:01:37.5 [5774]:数据准备线程对象:I:停止中..数据准备缓冲锁已解决...
2009-01-18 15:01:44.3 [5774]:数据准备线程对象:I:线程运行结束！
2009-01-18 15:01:44.4 [5774]:数据准备线程对象:I:停止完成..
2009-01-18 15:01:44.4 [5774]:数据准备线程对象:I:<MEM> 已释放...
2009-01-18 15:04:50.7 [6059]:数据准备线程对象:I:初始化...
2009-01-18 15:04:50.8 [6059]:数据准备线程对象:I:正在启动...
2009-01-18 15:04:50.8 [6059]:数据准备线程对象:I:正在准备数据...
2009-01-18 15:05:56.4 [6059]:数据准备线程对象:I:线程运行开始！
2009-01-18 15:05:56.5 [6059]:数据准备线程对象:I:启动完成...
2009-01-18 15:06:22.9 [6059]:数据准备线程对象:I:停止中...
2009-01-18 15:06:22.9 [6059]:数据准备线程对象:I:停止中.1..
2009-01-18 15:06:38.8 [6059]:数据准备线程对象:I:线程运行结束！
2009-01-18 15:06:38.9 [6059]:数据准备线程对象:I:停止完成..
2009-01-18 15:06:38.9 [6059]:数据准备线程对象:I:<MEM> 已释放...
2009-01-18 15:10:48.0 [6425]:数据准备线程对象:I:初始化...
2009-01-18 15:10:48.0 [6425]:数据准备线程对象:I:正在启动...
2009-01-18 15:10:48.1 [6425]:数据准备线程对象:I:正在准备数据...
2009-01-18 15:11:57.5 [6425]:数据准备线程对象:I:线程运行开始！
2009-01-18 15:11:57.5 [6425]:数据准备线程对象:I:启动完成...
2009-01-18 15:12:11.0 [6425]:数据准备线程对象:I:停止中...
2009-01-18 15:12:11.0 [6425]:数据准备线程对象:I:停止中.1..
2009-01-18 15:12:18.9 [6425]:数据准备线程对象:I:线程运行结束！
2009-01-18 15:12:19.0 [6425]:数据准备线程对象:I:停止完成..
2009-01-18 15:12:19.0 [6425]:数据准备线程对象:I:<MEM> 已释放...
2009-01-18 15:13:01.7 [6425]:数据准备线程对象:I:初始化...
2009-01-18 15:13:01.7 [6425]:数据准备线程对象:I:正在启动...
2009-01-18 15:13:01.7 [6425]:数据准备线程对象:I:正在准备数据...
2009-01-18 15:14:04.6 [6425]:数据准备线程对象:I:线程运行开始！
2009-01-18 15:14:04.6 [6425]:数据准备线程对象:I:启动完成...
2009-01-18 15:14:49.4 [6425]:数据准备线程对象:I:停止中...
2009-01-18 15:14:49.4 [6425]:数据准备线程对象:I:停止中.1..
2009-01-18 15:14:53.7 [6425]:数据准备线程对象:I:线程运行结束！
2009-01-18 15:14:53.8 [6425]:数据准备线程对象:I:停止完成..
2009-01-18 15:14:53.8 [6425]:数据准备线程对象:I:<MEM> 已释放...
2009-01-18 15:31:23.7 [6514]:数据准备线程对象:I:初始化...
2009-01-18 15:31:23.8 [6514]:数据准备线程对象:I:正在启动...
2009-01-18 15:31:23.8 [6514]:数据准备线程对象:I:正在准备数据...
2009-01-18 15:32:24.6 [6514]:数据准备线程对象:I:线程运行开始！
2009-01-18 15:32:24.6 [6514]:数据准备线程对象:I:启动完成...
2009-01-18 15:32:52.1 [6514]:数据准备线程对象:I:停止中...
2009-01-18 15:32:52.1 [6514]:数据准备线程对象:I:停止中.1..
2009-01-18 15:33:06.9 [6514]:数据准备线程对象:I:线程运行结束！
2009-01-18 15:33:07.0 [6514]:数据准备线程对象:I:停止完成..
2009-01-18 15:33:07.0 [6514]:数据准备线程对象:I:<MEM> 已释放...
2009-01-18 15:33:23.3 [6514]:数据准备线程对象:I:初始化...
2009-01-18 15:33:23.3 [6514]:数据准备线程对象:I:正在启动...
2009-01-18 15:33:23.3 [6514]:数据准备线程对象:I:正在准备数据...
2009-01-18 15:34:31.4 [6514]:数据准备线程对象:I:线程运行开始！
2009-01-18 15:34:31.4 [6514]:数据准备线程对象:I:启动完成...
2009-01-18 15:34:42.5 [6514]:数据准备线程对象:I:停止中...
2009-01-18 15:34:42.5 [6514]:数据准备线程对象:I:停止中.1..
2009-01-18 15:34:54.6 [6514]:数据准备线程对象:I:线程运行结束！
2009-01-18 15:34:54.7 [6514]:数据准备线程对象:I:停止完成..
2009-01-18 15:34:54.7 [6514]:数据准备线程对象:I:<MEM> 已释放...
2009-01-19 02:26:25.1 [7029]:数据准备线程对象:I:初始化...
2009-01-19 02:26:25.2 [7029]:数据准备线程对象:I:正在启动...
2009-01-19 02:26:25.2 [7029]:数据准备线程对象:I:正在准备数据...
2009-01-19 02:27:27.5 [7029]:数据准备线程对象:I:线程运行开始！
2009-01-19 02:27:27.6 [7029]:数据准备线程对象:I:启动完成...
2009-01-19 02:43:27.2 [7029]:数据准备线程对象:I:停止中...
2009-01-19 02:43:27.2 [7029]:数据准备线程对象:I:停止中.1..
2009-01-19 02:43:27.3 [7029]:数据准备线程对象:I:停止中..正在解决数据准备缓冲锁...
2009-01-19 02:43:27.9 [7029]:数据准备线程对象:I:停止中..数据准备缓冲锁已解决...
2009-01-19 02:43:38.3 [7029]:数据准备线程对象:I:线程运行结束！
2009-01-19 02:43:38.4 [7029]:数据准备线程对象:I:停止完成..
2009-01-19 02:43:38.4 [7029]:数据准备线程对象:I:<MEM> 已释放...
2009-01-19 02:43:45.5 [7029]:数据准备线程对象:I:初始化...
2009-01-19 02:43:45.5 [7029]:数据准备线程对象:I:正在启动...
2009-01-19 02:43:45.5 [7029]:数据准备线程对象:I:正在准备数据...
2009-01-19 02:45:03.5 [7029]:数据准备线程对象:I:线程运行开始！
2009-01-19 02:45:03.5 [7029]:数据准备线程对象:I:启动完成...
2009-01-19 02:45:20.7 [7029]:数据准备线程对象:I:停止中...
2009-01-19 02:45:20.7 [7029]:数据准备线程对象:I:停止中.1..
2009-01-19 02:45:30.7 [7029]:数据准备线程对象:I:线程运行结束！
2009-01-19 02:45:30.8 [7029]:数据准备线程对象:I:停止完成..
2009-01-19 02:45:30.8 [7029]:数据准备线程对象:I:<MEM> 已释放...
2009-01-19 03:10:38.3 [7273]:数据准备线程对象:I:初始化...
2009-01-19 03:10:38.4 [7273]:数据准备线程对象:I:正在启动...
2009-01-19 03:10:38.4 [7273]:数据准备线程对象:I:正在准备数据...
2009-01-19 03:11:38.3 [7273]:数据准备线程对象:I:线程运行开始！
2009-01-19 03:11:38.4 [7273]:数据准备线程对象:I:启动完成...
2009-01-19 03:11:54.2 [7273]:数据准备线程对象:I:停止中...
2009-01-19 03:11:54.3 [7273]:数据准备线程对象:I:停止中.1..
2009-01-19 03:11:59.5 [7273]:数据准备线程对象:I:线程运行结束！
2009-01-19 03:11:59.6 [7273]:数据准备线程对象:I:停止完成..
2009-01-19 03:11:59.6 [7273]:数据准备线程对象:I:<MEM> 已释放...
2009-01-19 03:18:46.9 [7349]:数据准备线程对象:I:初始化...
2009-01-19 03:18:47.0 [7349]:数据准备线程对象:I:正在启动...
2009-01-19 03:18:47.0 [7349]:数据准备线程对象:I:正在准备数据...
2009-01-19 03:19:45.6 [7349]:数据准备线程对象:I:线程运行开始！
2009-01-19 03:19:45.6 [7349]:数据准备线程对象:I:启动完成...
2009-01-19 03:19:58.0 [7349]:数据准备线程对象:I:停止中...
2009-01-19 03:19:58.1 [7349]:数据准备线程对象:I:停止中.1..
2009-01-19 03:20:06.7 [7349]:数据准备线程对象:I:线程运行结束！
2009-01-19 03:20:06.7 [7349]:数据准备线程对象:I:停止完成..
2009-01-19 03:20:06.7 [7349]:数据准备线程对象:I:<MEM> 已释放...
2009-01-19 03:23:35.2 [7478]:数据准备线程对象:I:初始化...
2009-01-19 03:23:35.3 [7478]:数据准备线程对象:I:正在启动...
2009-01-19 03:23:35.3 [7478]:数据准备线程对象:I:正在准备数据...
2009-01-19 03:24:38.8 [7478]:数据准备线程对象:I:线程运行开始！
2009-01-19 03:24:38.8 [7478]:数据准备线程对象:I:启动完成...
2009-01-19 03:25:54.0 [7478]:数据准备线程对象:I:停止中...
2009-01-19 03:25:54.0 [7478]:数据准备线程对象:I:停止中.1..
2009-01-19 03:25:58.3 [7478]:数据准备线程对象:I:线程运行结束！
2009-01-19 03:25:58.3 [7478]:数据准备线程对象:I:停止完成..
2009-01-19 03:25:58.3 [7478]:数据准备线程对象:I:<MEM> 已释放...
2009-01-19 03:26:21.7 [7478]:数据准备线程对象:I:初始化...
2009-01-19 03:26:21.8 [7478]:数据准备线程对象:I:正在启动...
2009-01-19 03:26:21.8 [7478]:数据准备线程对象:I:正在准备数据...
2009-01-19 03:27:39.7 [7478]:数据准备线程对象:I:线程运行开始！
2009-01-19 03:27:39.8 [7478]:数据准备线程对象:I:启动完成...
2009-01-19 03:27:56.9 [7478]:数据准备线程对象:I:停止中...
2009-01-19 03:27:56.9 [7478]:数据准备线程对象:I:停止中.1..
2009-01-19 03:28:01.9 [7478]:数据准备线程对象:I:线程运行结束！
2009-01-19 03:28:02.0 [7478]:数据准备线程对象:I:停止完成..
2009-01-19 03:28:02.0 [7478]:数据准备线程对象:I:<MEM> 已释放...
2009-01-19 03:28:33.9 [7488]:数据准备线程对象:I:初始化...
2009-01-19 03:28:34.0 [7488]:数据准备线程对象:I:正在启动...
2009-01-19 03:28:34.1 [7488]:数据准备线程对象:I:正在准备数据...
2009-01-19 03:29:54.2 [7488]:数据准备线程对象:I:线程运行开始！
2009-01-19 03:29:54.2 [7488]:数据准备线程对象:I:启动完成...
2009-01-19 03:30:12.6 [7488]:数据准备线程对象:I:停止中...
2009-01-19 03:30:12.6 [7488]:数据准备线程对象:I:停止中.1..
2009-01-19 03:30:19.2 [7488]:数据准备线程对象:I:线程运行结束！
2009-01-19 03:30:19.3 [7488]:数据准备线程对象:I:停止完成..
2009-01-19 03:30:19.3 [7488]:数据准备线程对象:I:<MEM> 已释放...
2009-01-19 03:30:33.2 [7488]:数据准备线程对象:I:初始化...
2009-01-19 03:30:33.2 [7488]:数据准备线程对象:I:正在启动...
2009-01-19 03:30:33.2 [7488]:数据准备线程对象:I:正在准备数据...
2009-01-19 03:31:53.2 [7488]:数据准备线程对象:I:线程运行开始！
2009-01-19 03:31:53.2 [7488]:数据准备线程对象:I:启动完成...
2009-01-19 03:32:11.9 [7488]:数据准备线程对象:I:停止中...
2009-01-19 03:32:11.9 [7488]:数据准备线程对象:I:停止中.1..
2009-01-19 03:32:20.6 [7488]:数据准备线程对象:I:线程运行结束！
2009-01-19 03:32:20.7 [7488]:数据准备线程对象:I:停止完成..
2009-01-19 03:32:20.7 [7488]:数据准备线程对象:I:<MEM> 已释放...
2009-01-19 06:02:35.9 [7543]:数据准备线程对象:I:初始化...
2009-01-19 06:02:35.9 [7543]:数据准备线程对象:I:正在启动...
2009-01-19 06:02:36.0 [7543]:数据准备线程对象:I:正在准备数据...
2009-01-19 06:03:42.3 [7543]:数据准备线程对象:I:线程运行开始！
2009-01-19 06:03:42.4 [7543]:数据准备线程对象:I:启动完成...
2009-01-19 06:07:57.3 [7543]:数据准备线程对象:I:停止中...
2009-01-19 06:07:57.3 [7543]:数据准备线程对象:I:停止中.1..
2009-01-19 06:07:57.3 [7543]:数据准备线程对象:I:停止中..正在解决数据准备缓冲锁...
2009-01-19 06:07:57.6 [7543]:数据准备线程对象:I:停止中..数据准备缓冲锁已解决...
2009-01-19 06:07:57.9 [7543]:数据准备线程对象:I:线程运行结束！
2009-01-19 06:07:57.9 [7543]:数据准备线程对象:I:停止完成..
2009-01-19 06:07:57.9 [7543]:数据准备线程对象:I:<MEM> 已释放...
