# Log file created/rotated Sunday, 18 Jan 09 14:58:16 GMT
2009-01-18 14:58:16.7 [5774]:数据缓冲区管理器:I:初始化缓冲区: 0
2009-01-18 14:58:16.8 [5774]:数据缓冲区管理器:I:初始化缓冲区: 1
2009-01-18 14:58:16.8 [5774]:数据缓冲区管理器:I:初始化缓冲区: 2
2009-01-18 14:58:16.8 [5774]:数据缓冲区管理器:I:初始化缓冲区: 3
2009-01-18 14:58:38.1 [5774]:数据缓冲区管理器:I:Buffer To write Index: 0
2009-01-18 14:59:06.2 [5774]:数据缓冲区管理器:I:Buffer To write Index: 1
2009-01-18 14:59:27.8 [5774]:数据缓冲区管理器:I:Buffer To write Index: 2
2009-01-18 14:59:31.1 [5774]:数据缓冲区管理器:I:Buffer To Read Index: 0
2009-01-18 14:59:54.9 [5774]:数据缓冲区管理器:I:Buffer To write Index: 3
2009-01-18 15:00:08.7 [5774]:数据缓冲区管理器:I:Buffer To Read Index: 1
2009-01-18 15:00:17.4 [5774]:数据缓冲区管理器:I:Buffer To write Index: 0
2009-01-18 15:00:38.0 [5774]:数据缓冲区管理器:I:Buffer To write Index: 1
2009-01-18 15:00:45.1 [5774]:数据缓冲区管理器:I:Buffer To Read Index: 2
2009-01-18 15:00:58.5 [5774]:数据缓冲区管理器:I:Buffer To write Index: 2
2009-01-18 15:01:20.1 [5774]:数据缓冲区管理器:I:缓冲区已满，等待读取... 
2009-01-18 15:01:21.7 [5774]:数据缓冲区管理器:I:Buffer To Read Index: 3
2009-01-18 15:01:22.0 [5774]:数据缓冲区管理器:I:Buffer To write Index: 3
2009-01-18 15:01:36.9 [5774]:数据缓冲区管理器:I:Buffer To Read Index: 0
2009-01-18 15:01:44.9 [5774]:数据缓冲区管理器:I:<MEM>已释放！
2009-01-18 15:04:49.7 [6059]:数据缓冲区管理器:I:初始化缓冲区: 0
2009-01-18 15:04:49.8 [6059]:数据缓冲区管理器:I:初始化缓冲区: 1
2009-01-18 15:04:49.8 [6059]:数据缓冲区管理器:I:初始化缓冲区: 2
2009-01-18 15:04:49.8 [6059]:数据缓冲区管理器:I:初始化缓冲区: 3
2009-01-18 15:05:13.2 [6059]:数据缓冲区管理器:I:Buffer To write Index: 0
2009-01-18 15:05:36.2 [6059]:数据缓冲区管理器:I:Buffer To write Index: 1
2009-01-18 15:05:55.9 [6059]:数据缓冲区管理器:I:Buffer To write Index: 2
2009-01-18 15:05:58.5 [6059]:数据缓冲区管理器:I:Buffer To Read Index: 0
2009-01-18 15:06:17.5 [6059]:数据缓冲区管理器:I:Buffer To write Index: 3
2009-01-18 15:06:39.1 [6059]:数据缓冲区管理器:I:<MEM>已释放！
2009-01-18 15:10:47.1 [6425]:数据缓冲区管理器:I:初始化缓冲区: 0
2009-01-18 15:10:47.1 [6425]:数据缓冲区管理器:I:初始化缓冲区: 1
2009-01-18 15:10:47.1 [6425]:数据缓冲区管理器:I:初始化缓冲区: 2
2009-01-18 15:10:47.1 [6425]:数据缓冲区管理器:I:初始化缓冲区: 3
2009-01-18 15:11:08.4 [6425]:数据缓冲区管理器:I:Buffer To write Index: 0
2009-01-18 15:11:31.9 [6425]:数据缓冲区管理器:I:Buffer To write Index: 1
2009-01-18 15:11:56.3 [6425]:数据缓冲区管理器:I:Buffer To write Index: 2
2009-01-18 15:11:59.6 [6425]:数据缓冲区管理器:I:Buffer To Read Index: 0
2009-01-18 15:12:19.1 [6425]:数据缓冲区管理器:I:<MEM>已释放！
2009-01-18 15:13:01.4 [6425]:数据缓冲区管理器:I:初始化缓冲区: 0
2009-01-18 15:13:01.4 [6425]:数据缓冲区管理器:I:初始化缓冲区: 1
2009-01-18 15:13:01.4 [6425]:数据缓冲区管理器:I:初始化缓冲区: 2
2009-01-18 15:13:01.4 [6425]:数据缓冲区管理器:I:初始化缓冲区: 3
2009-01-18 15:13:22.3 [6425]:数据缓冲区管理器:I:Buffer To write Index: 0
2009-01-18 15:13:43.9 [6425]:数据缓冲区管理器:I:Buffer To write Index: 1
2009-01-18 15:14:04.2 [6425]:数据缓冲区管理器:I:Buffer To write Index: 2
2009-01-18 15:14:06.6 [6425]:数据缓冲区管理器:I:Buffer To Read Index: 0
2009-01-18 15:14:26.3 [6425]:数据缓冲区管理器:I:Buffer To write Index: 3
2009-01-18 15:14:43.7 [6425]:数据缓冲区管理器:I:Buffer To Read Index: 1
2009-01-18 15:14:54.1 [6425]:数据缓冲区管理器:I:<MEM>已释放！
2009-01-18 15:31:22.8 [6514]:数据缓冲区管理器:I:初始化缓冲区: 0
2009-01-18 15:31:22.8 [6514]:数据缓冲区管理器:I:初始化缓冲区: 1
2009-01-18 15:31:22.8 [6514]:数据缓冲区管理器:I:初始化缓冲区: 2
2009-01-18 15:31:22.8 [6514]:数据缓冲区管理器:I:初始化缓冲区: 3
2009-01-18 15:31:44.3 [6514]:数据缓冲区管理器:I:Buffer To write Index: 0
2009-01-18 15:32:04.4 [6514]:数据缓冲区管理器:I:Buffer To write Index: 1
2009-01-18 15:32:24.1 [6514]:数据缓冲区管理器:I:Buffer To write Index: 2
2009-01-18 15:32:26.6 [6514]:数据缓冲区管理器:I:Buffer To Read Index: 0
2009-01-18 15:32:45.3 [6514]:数据缓冲区管理器:I:Buffer To write Index: 3
2009-01-18 15:33:07.2 [6514]:数据缓冲区管理器:I:<MEM>已释放！
2009-01-18 15:33:22.9 [6514]:数据缓冲区管理器:I:初始化缓冲区: 0
2009-01-18 15:33:22.9 [6514]:数据缓冲区管理器:I:初始化缓冲区: 1
2009-01-18 15:33:22.9 [6514]:数据缓冲区管理器:I:初始化缓冲区: 2
2009-01-18 15:33:23.0 [6514]:数据缓冲区管理器:I:初始化缓冲区: 3
2009-01-18 15:33:45.7 [6514]:数据缓冲区管理器:I:Buffer To write Index: 0
2009-01-18 15:34:08.5 [6514]:数据缓冲区管理器:I:Buffer To write Index: 1
2009-01-18 15:34:31.0 [6514]:数据缓冲区管理器:I:Buffer To write Index: 2
2009-01-18 15:34:33.4 [6514]:数据缓冲区管理器:I:Buffer To Read Index: 0
2009-01-18 15:34:54.7 [6514]:数据缓冲区管理器:I:<MEM>已释放！
2009-01-19 02:26:24.0 [7029]:数据缓冲区管理器:I:初始化缓冲区: 0
2009-01-19 02:26:24.0 [7029]:数据缓冲区管理器:I:初始化缓冲区: 1
2009-01-19 02:26:24.1 [7029]:数据缓冲区管理器:I:初始化缓冲区: 2
2009-01-19 02:26:24.1 [7029]:数据缓冲区管理器:I:初始化缓冲区: 3
2009-01-19 02:26:45.8 [7029]:数据缓冲区管理器:I:Buffer To write Index: 0
2009-01-19 02:27:06.5 [7029]:数据缓冲区管理器:I:Buffer To write Index: 1
2009-01-19 02:27:27.0 [7029]:数据缓冲区管理器:I:Buffer To write Index: 2
2009-01-19 02:27:29.6 [7029]:数据缓冲区管理器:I:Buffer To Read Index: 0
2009-01-19 02:27:49.2 [7029]:数据缓冲区管理器:I:Buffer To write Index: 3
2009-01-19 02:28:06.3 [7029]:数据缓冲区管理器:I:Buffer To Read Index: 1
2009-01-19 02:28:11.3 [7029]:数据缓冲区管理器:I:Buffer To write Index: 0
2009-01-19 02:28:34.0 [7029]:数据缓冲区管理器:I:Buffer To write Index: 1
2009-01-19 02:28:42.7 [7029]:数据缓冲区管理器:I:Buffer To Read Index: 2
2009-01-19 02:28:56.2 [7029]:数据缓冲区管理器:I:Buffer To write Index: 2
2009-01-19 02:29:17.3 [7029]:数据缓冲区管理器:I:缓冲区已满，等待读取... 
2009-01-19 02:29:19.2 [7029]:数据缓冲区管理器:I:Buffer To Read Index: 3
2009-01-19 02:29:19.5 [7029]:数据缓冲区管理器:I:Buffer To write Index: 3
2009-01-19 02:29:41.8 [7029]:数据缓冲区管理器:I:缓冲区已满，等待读取... 
2009-01-19 02:29:55.4 [7029]:数据缓冲区管理器:I:Buffer To Read Index: 0
2009-01-19 02:29:55.8 [7029]:数据缓冲区管理器:I:Buffer To write Index: 0
2009-01-19 02:30:21.0 [7029]:数据缓冲区管理器:I:缓冲区已满，等待读取... 
2009-01-19 02:30:31.7 [7029]:数据缓冲区管理器:I:Buffer To Read Index: 1
2009-01-19 02:30:32.0 [7029]:数据缓冲区管理器:I:Buffer To write Index: 1
2009-01-19 02:30:53.6 [7029]:数据缓冲区管理器:I:缓冲区已满，等待读取... 
2009-01-19 02:31:08.0 [7029]:数据缓冲区管理器:I:Buffer To Read Index: 2
2009-01-19 02:31:08.3 [7029]:数据缓冲区管理器:I:Buffer To write Index: 2
2009-01-19 02:31:29.4 [7029]:数据缓冲区管理器:I:缓冲区已满，等待读取... 
2009-01-19 02:31:44.1 [7029]:数据缓冲区管理器:I:Buffer To Read Index: 3
2009-01-19 02:31:44.4 [7029]:数据缓冲区管理器:I:Buffer To write Index: 3
2009-01-19 02:32:08.2 [7029]:数据缓冲区管理器:I:缓冲区已满，等待读取... 
2009-01-19 02:32:20.4 [7029]:数据缓冲区管理器:I:Buffer To Read Index: 0
2009-01-19 02:32:20.8 [7029]:数据缓冲区管理器:I:Buffer To write Index: 0
2009-01-19 02:32:52.0 [7029]:数据缓冲区管理器:I:缓冲区已满，等待读取... 
2009-01-19 02:32:56.7 [7029]:数据缓冲区管理器:I:Buffer To Read Index: 1
2009-01-19 02:32:57.1 [7029]:数据缓冲区管理器:I:Buffer To write Index: 1
2009-01-19 02:33:19.7 [7029]:数据缓冲区管理器:I:缓冲区已满，等待读取... 
2009-01-19 02:33:33.0 [7029]:数据缓冲区管理器:I:Buffer To Read Index: 2
2009-01-19 02:33:33.3 [7029]:数据缓冲区管理器:I:Buffer To write Index: 2
2009-01-19 02:33:54.4 [7029]:数据缓冲区管理器:I:缓冲区已满，等待读取... 
2009-01-19 02:34:09.2 [7029]:数据缓冲区管理器:I:Buffer To Read Index: 3
2009-01-19 02:34:09.5 [7029]:数据缓冲区管理器:I:Buffer To write Index: 3
2009-01-19 02:34:32.7 [7029]:数据缓冲区管理器:I:缓冲区已满，等待读取... 
2009-01-19 02:34:45.4 [7029]:数据缓冲区管理器:I:Buffer To Read Index: 0
2009-01-19 02:34:45.9 [7029]:数据缓冲区管理器:I:Buffer To write Index: 0
2009-01-19 02:35:16.8 [7029]:数据缓冲区管理器:I:缓冲区已满，等待读取... 
2009-01-19 02:35:21.8 [7029]:数据缓冲区管理器:I:Buffer To Read Index: 1
2009-01-19 02:35:22.2 [7029]:数据缓冲区管理器:I:Buffer To write Index: 1
2009-01-19 02:35:44.6 [7029]:数据缓冲区管理器:I:缓冲区已满，等待读取... 
2009-01-19 02:35:58.2 [7029]:数据缓冲区管理器:I:Buffer To Read Index: 2
2009-01-19 02:35:58.5 [7029]:数据缓冲区管理器:I:Buffer To write Index: 2
2009-01-19 02:36:20.3 [7029]:数据缓冲区管理器:I:缓冲区已满，等待读取... 
2009-01-19 02:36:34.4 [7029]:数据缓冲区管理器:I:Buffer To Read Index: 3
2009-01-19 02:36:34.7 [7029]:数据缓冲区管理器:I:Buffer To write Index: 3
2009-01-19 02:37:00.0 [7029]:数据缓冲区管理器:I:缓冲区已满，等待读取... 
2009-01-19 02:37:10.6 [7029]:数据缓冲区管理器:I:Buffer To Read Index: 0
2009-01-19 02:37:11.0 [7029]:数据缓冲区管理器:I:Buffer To write Index: 0
2009-01-19 02:37:41.7 [7029]:数据缓冲区管理器:I:缓冲区已满，等待读取... 
2009-01-19 02:37:46.9 [7029]:数据缓冲区管理器:I:Buffer To Read Index: 1
2009-01-19 02:37:47.1 [7029]:数据缓冲区管理器:I:Buffer To write Index: 1
2009-01-19 02:38:08.6 [7029]:数据缓冲区管理器:I:缓冲区已满，等待读取... 
2009-01-19 02:38:23.1 [7029]:数据缓冲区管理器:I:Buffer To Read Index: 2
2009-01-19 02:38:23.4 [7029]:数据缓冲区管理器:I:Buffer To write Index: 2
2009-01-19 02:38:45.0 [7029]:数据缓冲区管理器:I:缓冲区已满，等待读取... 
2009-01-19 02:38:59.3 [7029]:数据缓冲区管理器:I:Buffer To Read Index: 3
2009-01-19 02:38:59.6 [7029]:数据缓冲区管理器:I:Buffer To write Index: 3
2009-01-19 02:39:24.2 [7029]:数据缓冲区管理器:I:缓冲区已满，等待读取... 
2009-01-19 02:39:35.5 [7029]:数据缓冲区管理器:I:Buffer To Read Index: 0
2009-01-19 02:39:35.9 [7029]:数据缓冲区管理器:I:Buffer To write Index: 0
2009-01-19 02:40:06.6 [7029]:数据缓冲区管理器:I:缓冲区已满，等待读取... 
2009-01-19 02:40:11.8 [7029]:数据缓冲区管理器:I:Buffer To Read Index: 1
2009-01-19 02:40:12.3 [7029]:数据缓冲区管理器:I:Buffer To write Index: 1
2009-01-19 02:40:34.4 [7029]:数据缓冲区管理器:I:缓冲区已满，等待读取... 
2009-01-19 02:40:48.2 [7029]:数据缓冲区管理器:I:Buffer To Read Index: 2
2009-01-19 02:40:48.5 [7029]:数据缓冲区管理器:I:Buffer To write Index: 2
2009-01-19 02:41:10.6 [7029]:数据缓冲区管理器:I:缓冲区已满，等待读取... 
2009-01-19 02:41:24.4 [7029]:数据缓冲区管理器:I:Buffer To Read Index: 3
2009-01-19 02:41:24.7 [7029]:数据缓冲区管理器:I:Buffer To write Index: 3
2009-01-19 02:41:50.5 [7029]:数据缓冲区管理器:I:缓冲区已满，等待读取... 
2009-01-19 02:42:00.6 [7029]:数据缓冲区管理器:I:Buffer To Read Index: 0
2009-01-19 02:42:01.0 [7029]:数据缓冲区管理器:I:Buffer To write Index: 0
2009-01-19 02:42:31.7 [7029]:数据缓冲区管理器:I:缓冲区已满，等待读取... 
2009-01-19 02:42:36.9 [7029]:数据缓冲区管理器:I:Buffer To Read Index: 1
2009-01-19 02:42:37.2 [7029]:数据缓冲区管理器:I:Buffer To write Index: 1
2009-01-19 02:42:59.2 [7029]:数据缓冲区管理器:I:缓冲区已满，等待读取... 
2009-01-19 02:43:13.2 [7029]:数据缓冲区管理器:I:Buffer To Read Index: 2
2009-01-19 02:43:13.5 [7029]:数据缓冲区管理器:I:Buffer To write Index: 2
2009-01-19 02:43:27.3 [7029]:数据缓冲区管理器:I:Buffer To Read Index: 3
2009-01-19 02:43:38.8 [7029]:数据缓冲区管理器:I:<MEM>已释放！
2009-01-19 02:43:45.0 [7029]:数据缓冲区管理器:I:初始化缓冲区: 0
2009-01-19 02:43:45.0 [7029]:数据缓冲区管理器:I:初始化缓冲区: 1
2009-01-19 02:43:45.0 [7029]:数据缓冲区管理器:I:初始化缓冲区: 2
2009-01-19 02:43:45.0 [7029]:数据缓冲区管理器:I:初始化缓冲区: 3
2009-01-19 02:44:13.0 [7029]:数据缓冲区管理器:I:Buffer To write Index: 0
2009-01-19 02:44:37.9 [7029]:数据缓冲区管理器:I:Buffer To write Index: 1
2009-01-19 02:45:03.0 [7029]:数据缓冲区管理器:I:Buffer To write Index: 2
2009-01-19 02:45:03.8 [7029]:数据缓冲区管理器:I:Buffer To Read Index: 0
2009-01-19 02:45:30.8 [7029]:数据缓冲区管理器:I:<MEM>已释放！
2009-01-19 03:10:37.4 [7273]:数据缓冲区管理器:I:初始化缓冲区: 0
2009-01-19 03:10:37.4 [7273]:数据缓冲区管理器:I:初始化缓冲区: 1
2009-01-19 03:10:37.5 [7273]:数据缓冲区管理器:I:初始化缓冲区: 2
2009-01-19 03:10:37.5 [7273]:数据缓冲区管理器:I:初始化缓冲区: 3
2009-01-19 03:10:58.1 [7273]:数据缓冲区管理器:I:Buffer To write Index: 0
2009-01-19 03:11:17.6 [7273]:数据缓冲区管理器:I:Buffer To write Index: 1
2009-01-19 03:11:37.9 [7273]:数据缓冲区管理器:I:Buffer To write Index: 2
2009-01-19 03:11:40.4 [7273]:数据缓冲区管理器:I:Buffer To Read Index: 0
2009-01-19 03:11:59.9 [7273]:数据缓冲区管理器:I:<MEM>已释放！
2009-01-19 03:18:46.0 [7349]:数据缓冲区管理器:I:初始化缓冲区: 0
2009-01-19 03:18:46.0 [7349]:数据缓冲区管理器:I:初始化缓冲区: 1
2009-01-19 03:18:46.0 [7349]:数据缓冲区管理器:I:初始化缓冲区: 2
2009-01-19 03:18:46.1 [7349]:数据缓冲区管理器:I:初始化缓冲区: 3
2009-01-19 03:19:06.4 [7349]:数据缓冲区管理器:I:Buffer To write Index: 0
2009-01-19 03:19:25.6 [7349]:数据缓冲区管理器:I:Buffer To write Index: 1
2009-01-19 03:19:45.1 [7349]:数据缓冲区管理器:I:Buffer To write Index: 2
2009-01-19 03:19:47.7 [7349]:数据缓冲区管理器:I:Buffer To Read Index: 0
2009-01-19 03:20:07.2 [7349]:数据缓冲区管理器:I:<MEM>已释放！
2009-01-19 03:23:34.3 [7478]:数据缓冲区管理器:I:初始化缓冲区: 0
2009-01-19 03:23:34.3 [7478]:数据缓冲区管理器:I:初始化缓冲区: 1
2009-01-19 03:23:34.3 [7478]:数据缓冲区管理器:I:初始化缓冲区: 2
2009-01-19 03:23:34.3 [7478]:数据缓冲区管理器:I:初始化缓冲区: 3
2009-01-19 03:23:55.5 [7478]:数据缓冲区管理器:I:Buffer To write Index: 0
2009-01-19 03:24:15.2 [7478]:数据缓冲区管理器:I:Buffer To write Index: 1
2009-01-19 03:24:38.1 [7478]:数据缓冲区管理器:I:Buffer To write Index: 2
2009-01-19 03:24:40.9 [7478]:数据缓冲区管理器:I:Buffer To Read Index: 0
2009-01-19 03:25:09.4 [7478]:数据缓冲区管理器:I:Buffer To write Index: 3
2009-01-19 03:25:18.1 [7478]:数据缓冲区管理器:I:Buffer To Read Index: 1
2009-01-19 03:25:35.8 [7478]:数据缓冲区管理器:I:Buffer To write Index: 0
2009-01-19 03:25:58.9 [7478]:数据缓冲区管理器:I:<MEM>已释放！
2009-01-19 03:26:21.4 [7478]:数据缓冲区管理器:I:初始化缓冲区: 0
2009-01-19 03:26:21.4 [7478]:数据缓冲区管理器:I:初始化缓冲区: 1
2009-01-19 03:26:21.4 [7478]:数据缓冲区管理器:I:初始化缓冲区: 2
2009-01-19 03:26:21.4 [7478]:数据缓冲区管理器:I:初始化缓冲区: 3
2009-01-19 03:26:43.9 [7478]:数据缓冲区管理器:I:Buffer To write Index: 0
2009-01-19 03:27:12.0 [7478]:数据缓冲区管理器:I:Buffer To write Index: 1
2009-01-19 03:27:39.4 [7478]:数据缓冲区管理器:I:Buffer To write Index: 2
2009-01-19 03:27:41.8 [7478]:数据缓冲区管理器:I:Buffer To Read Index: 0
2009-01-19 03:28:33.0 [7488]:数据缓冲区管理器:I:初始化缓冲区: 0
2009-01-19 03:28:33.1 [7488]:数据缓冲区管理器:I:初始化缓冲区: 1
2009-01-19 03:28:33.1 [7488]:数据缓冲区管理器:I:初始化缓冲区: 2
2009-01-19 03:28:33.1 [7488]:数据缓冲区管理器:I:初始化缓冲区: 3
2009-01-19 03:28:58.8 [7488]:数据缓冲区管理器:I:Buffer To write Index: 0
2009-01-19 03:29:28.0 [7488]:数据缓冲区管理器:I:Buffer To write Index: 1
2009-01-19 03:29:53.7 [7488]:数据缓冲区管理器:I:Buffer To write Index: 2
2009-01-19 03:29:56.3 [7488]:数据缓冲区管理器:I:Buffer To Read Index: 0
2009-01-19 03:30:19.9 [7488]:数据缓冲区管理器:I:<MEM>已释放！
2009-01-19 03:30:32.9 [7488]:数据缓冲区管理器:I:初始化缓冲区: 0
2009-01-19 03:30:32.9 [7488]:数据缓冲区管理器:I:初始化缓冲区: 1
2009-01-19 03:30:32.9 [7488]:数据缓冲区管理器:I:初始化缓冲区: 2
2009-01-19 03:30:32.9 [7488]:数据缓冲区管理器:I:初始化缓冲区: 3
2009-01-19 03:30:56.9 [7488]:数据缓冲区管理器:I:Buffer To write Index: 0
2009-01-19 03:31:25.7 [7488]:数据缓冲区管理器:I:Buffer To write Index: 1
2009-01-19 03:31:52.7 [7488]:数据缓冲区管理器:I:Buffer To write Index: 2
2009-01-19 03:31:53.8 [7488]:数据缓冲区管理器:I:Buffer To Read Index: 0
2009-01-19 03:32:20.8 [7488]:数据缓冲区管理器:I:<MEM>已释放！
2009-01-19 06:02:35.0 [7543]:数据缓冲区管理器:I:初始化缓冲区: 0
2009-01-19 06:02:35.0 [7543]:数据缓冲区管理器:I:初始化缓冲区: 1
2009-01-19 06:02:35.0 [7543]:数据缓冲区管理器:I:初始化缓冲区: 2
2009-01-19 06:02:35.0 [7543]:数据缓冲区管理器:I:初始化缓冲区: 3
2009-01-19 06:02:58.2 [7543]:数据缓冲区管理器:I:Buffer To write Index: 0
2009-01-19 06:03:20.4 [7543]:数据缓冲区管理器:I:Buffer To write Index: 1
2009-01-19 06:03:41.8 [7543]:数据缓冲区管理器:I:Buffer To write Index: 2
2009-01-19 06:03:44.4 [7543]:数据缓冲区管理器:I:Buffer To Read Index: 0
2009-01-19 06:04:04.5 [7543]:数据缓冲区管理器:I:Buffer To write Index: 3
2009-01-19 06:04:27.3 [7543]:数据缓冲区管理器:I:Buffer To write Index: 0
2009-01-19 06:04:28.2 [7543]:数据缓冲区管理器:I:Buffer To Read Index: 1
2009-01-19 06:05:02.2 [7543]:数据缓冲区管理器:I:Buffer To write Index: 1
2009-01-19 06:05:12.1 [7543]:数据缓冲区管理器:I:Buffer To Read Index: 2
2009-01-19 06:05:33.4 [7543]:数据缓冲区管理器:I:Buffer To write Index: 2
2009-01-19 06:05:55.6 [7543]:数据缓冲区管理器:I:缓冲区已满，等待读取... 
2009-01-19 06:05:55.9 [7543]:数据缓冲区管理器:I:Buffer To Read Index: 3
2009-01-19 06:05:56.2 [7543]:数据缓冲区管理器:I:Buffer To write Index: 3
2009-01-19 06:06:21.7 [7543]:数据缓冲区管理器:I:缓冲区已满，等待读取... 
2009-01-19 06:06:39.3 [7543]:数据缓冲区管理器:I:Buffer To Read Index: 0
2009-01-19 06:06:39.6 [7543]:数据缓冲区管理器:I:Buffer To write Index: 0
2009-01-19 06:07:06.7 [7543]:数据缓冲区管理器:I:缓冲区已满，等待读取... 
2009-01-19 06:07:22.7 [7543]:数据缓冲区管理器:I:Buffer To Read Index: 1
2009-01-19 06:07:23.1 [7543]:数据缓冲区管理器:I:Buffer To write Index: 1
2009-01-19 06:07:56.8 [7543]:数据缓冲区管理器:I:缓冲区已满，等待读取... 
2009-01-19 06:07:57.3 [7543]:数据缓冲区管理器:I:Buffer To Read Index: 2
2009-01-19 06:07:57.6 [7543]:数据缓冲区管理器:I:Buffer To write Index: 2
2009-01-19 06:07:58.3 [7543]:数据缓冲区管理器:I:<MEM>已释放！
