# Log file created/rotated Sunday, 18 Jan 09 14:58:17 GMT
2009-01-18 14:58:16.9 [5774]:远程管理配置器:I:<MEM>创建！
2009-01-18 14:58:17.0 [5774]:远程管理配置器:I:初始化中！
2009-01-18 14:58:17.0 [5774]:远程管理配置器:I:初始化全部Provider工厂中..
2009-01-18 14:58:17.0 [5774]:远程管理配置器:I:正在添加Provider 091FEEF9-2995-44d9-8988-43249FA3F9B4 的工厂
2009-01-18 14:58:17.0 [5774]:远程管理配置器:I:正在添加Provider 4D5E25FD-8600-4077-923F-E23D74694C72 的工厂
2009-01-18 14:58:17.0 [5774]:远程管理配置器:I:正在添加Provider 18779755-7A58-4d04-A745-F0EC6FF5B12F 的工厂
2009-01-18 14:58:17.0 [5774]:远程管理配置器:I:初始化全部Provider工厂 完成！
2009-01-18 14:58:17.0 [5774]:远程管理配置器:I:正在载入通道配置
2009-01-18 14:58:17.2 [5774]:远程管理配置器:I:正在载入通道配置--TT1
2009-01-18 14:58:17.3 [5774]:远程管理配置器:I:输出码率：	1000000
2009-01-18 14:58:17.3 [5774]:远程管理配置器:I:配置如下：
<archive version="4.0" sub="VV">
<TSFileName>/home/victor/workdisk/blank-V-481-A-482.ts</TSFileName>
<IsLockFile>0</IsLockFile>
<IsFixCounter>0</IsFixCounter>
</archive>

2009-01-18 14:58:17.4 [5774]:远程管理配置器:I:添加输出通道TT1成功！
2009-01-18 14:58:17.4 [5774]:远程管理配置器:I:正在载入通道配置--TT2
2009-01-18 14:58:17.5 [5774]:远程管理配置器:I:输出码率：	1000000
2009-01-18 14:58:17.5 [5774]:远程管理配置器:I:配置如下：
<archive version="4.0" sub="VV">
<ChannelName>TT2</ChannelName>
<ChannelIPPort>10008</ChannelIPPort>
<ChannelIP>192.168.123.135</ChannelIP>
</archive>

2009-01-18 14:58:17.7 [5774]:远程管理配置器:I:添加输出通道TT2成功！
2009-01-18 14:58:17.7 [5774]:远程管理配置器:I:初始化完成！
2009-01-18 14:59:35.7 [5774]:远程管理配置器:I:NULLSTREAM000
2009-01-18 14:59:35.7 [5774]:远程管理配置器:I:TT1
2009-01-18 14:59:35.8 [5774]:远程管理配置器:I:BitRate:1000000
2009-01-18 14:59:35.8 [5774]:远程管理配置器:I:TT2
2009-01-18 14:59:35.8 [5774]:远程管理配置器:I:BitRate:1000000
2009-01-18 15:00:59.9 [5774]:远程管理配置器:I:刷新配置:通道TT2属性DataProviderConfig从<archive version="4.0" sub="VV">
<ChannelName>TT2</ChannelName>
<ChannelIPPort>10008</ChannelIPPort>
<ChannelIP>192.168.123.135</ChannelIP>
</archive>
改变为<archive version="4.0" sub="VV">
<ChannelName>TT2</ChannelName>
<ChannelIPPort>10008</ChannelIPPort>
<ChannelIP>127.0.0.1</ChannelIP>
</archive>

2009-01-18 15:01:00.1 [5774]:远程管理配置器:I:刷新配置:通道TT2 OK!
2009-01-18 15:01:00.1 [5774]:远程管理配置器:I:NULLSTREAM000
2009-01-18 15:01:00.1 [5774]:远程管理配置器:I:TT1
2009-01-18 15:01:00.1 [5774]:远程管理配置器:I:BitRate:1000000
2009-01-18 15:01:00.1 [5774]:远程管理配置器:I:TT2
2009-01-18 15:01:00.1 [5774]:远程管理配置器:I:BitRate:1000000
2009-01-18 15:01:44.5 [5774]:远程管理配置器:I:<MEM>已释放...
2009-01-18 15:04:49.9 [6059]:远程管理配置器:I:<MEM>创建！
2009-01-18 15:04:49.9 [6059]:远程管理配置器:I:初始化中！
2009-01-18 15:04:49.9 [6059]:远程管理配置器:I:初始化全部Provider工厂中..
2009-01-18 15:04:50.0 [6059]:远程管理配置器:I:正在添加Provider 091FEEF9-2995-44d9-8988-43249FA3F9B4 的工厂
2009-01-18 15:04:50.0 [6059]:远程管理配置器:I:正在添加Provider 4D5E25FD-8600-4077-923F-E23D74694C72 的工厂
2009-01-18 15:04:50.0 [6059]:远程管理配置器:I:正在添加Provider 18779755-7A58-4d04-A745-F0EC6FF5B12F 的工厂
2009-01-18 15:04:50.0 [6059]:远程管理配置器:I:初始化全部Provider工厂 完成！
2009-01-18 15:04:50.1 [6059]:远程管理配置器:I:正在载入通道配置
2009-01-18 15:04:50.3 [6059]:远程管理配置器:I:正在载入通道配置--TT1
2009-01-18 15:04:50.3 [6059]:远程管理配置器:I:输出码率：	1000000
2009-01-18 15:04:50.3 [6059]:远程管理配置器:I:配置如下：
<archive version="4.0" sub="VV">
<TSFileName>/home/victor/workdisk/blank-V-481-A-482.ts</TSFileName>
<IsLockFile>0</IsLockFile>
<IsFixCounter>0</IsFixCounter>
</archive>

2009-01-18 15:04:50.5 [6059]:远程管理配置器:I:添加输出通道TT1成功！
2009-01-18 15:04:50.5 [6059]:远程管理配置器:I:正在载入通道配置--TT2
2009-01-18 15:04:50.5 [6059]:远程管理配置器:I:输出码率：	1000000
2009-01-18 15:04:50.5 [6059]:远程管理配置器:I:配置如下：
<archive version="4.0" sub="VV">
<ChannelName>TT2</ChannelName>
<ChannelIPPort>10008</ChannelIPPort>
<ChannelIP>127.0.0.1</ChannelIP>
</archive>

2009-01-18 15:04:50.6 [6059]:远程管理配置器:I:添加输出通道TT2成功！
2009-01-18 15:04:50.6 [6059]:远程管理配置器:I:初始化完成！
2009-01-18 15:06:03.4 [6059]:远程管理配置器:I:NULLSTREAM000
2009-01-18 15:06:03.4 [6059]:远程管理配置器:I:TT1
2009-01-18 15:06:03.5 [6059]:远程管理配置器:I:BitRate:1000000
2009-01-18 15:06:03.5 [6059]:远程管理配置器:I:TT2
2009-01-18 15:06:03.6 [6059]:远程管理配置器:I:BitRate:1000000
2009-01-18 15:06:38.9 [6059]:远程管理配置器:I:<MEM>已释放...
2009-01-18 15:10:47.3 [6425]:远程管理配置器:I:<MEM>创建！
2009-01-18 15:10:47.3 [6425]:远程管理配置器:I:初始化中！
2009-01-18 15:10:47.3 [6425]:远程管理配置器:I:初始化全部Provider工厂中..
2009-01-18 15:10:47.3 [6425]:远程管理配置器:I:正在添加Provider 091FEEF9-2995-44d9-8988-43249FA3F9B4 的工厂
2009-01-18 15:10:47.3 [6425]:远程管理配置器:I:正在添加Provider 4D5E25FD-8600-4077-923F-E23D74694C72 的工厂
2009-01-18 15:10:47.4 [6425]:远程管理配置器:I:正在添加Provider 18779755-7A58-4d04-A745-F0EC6FF5B12F 的工厂
2009-01-18 15:10:47.4 [6425]:远程管理配置器:I:初始化全部Provider工厂 完成！
2009-01-18 15:10:47.4 [6425]:远程管理配置器:I:正在载入通道配置
2009-01-18 15:10:47.6 [6425]:远程管理配置器:I:正在载入通道配置--TT1
2009-01-18 15:10:47.7 [6425]:远程管理配置器:I:输出码率：	1000000
2009-01-18 15:10:47.7 [6425]:远程管理配置器:I:配置如下：
<archive version="4.0" sub="VV">
<TSFileName>/home/victor/workdisk/blank-V-481-A-482.ts</TSFileName>
<IsLockFile>0</IsLockFile>
<IsFixCounter>0</IsFixCounter>
</archive>

2009-01-18 15:10:47.8 [6425]:远程管理配置器:I:添加输出通道TT1成功！
2009-01-18 15:10:47.8 [6425]:远程管理配置器:I:正在载入通道配置--TT2
2009-01-18 15:10:47.8 [6425]:远程管理配置器:I:输出码率：	1000000
2009-01-18 15:10:47.8 [6425]:远程管理配置器:I:配置如下：
<archive version="4.0" sub="VV">
<ChannelName>TT2</ChannelName>
<ChannelIPPort>10008</ChannelIPPort>
<ChannelIP>127.0.0.1</ChannelIP>
</archive>

2009-01-18 15:10:47.9 [6425]:远程管理配置器:I:添加输出通道TT2成功！
2009-01-18 15:10:47.9 [6425]:远程管理配置器:I:初始化完成！
2009-01-18 15:12:04.4 [6425]:远程管理配置器:I:NULLSTREAM000
2009-01-18 15:12:04.4 [6425]:远程管理配置器:I:TT1
2009-01-18 15:12:04.5 [6425]:远程管理配置器:I:BitRate:1000000
2009-01-18 15:12:04.6 [6425]:远程管理配置器:I:TT2
2009-01-18 15:12:04.6 [6425]:远程管理配置器:I:BitRate:1000000
2009-01-18 15:12:19.0 [6425]:远程管理配置器:I:<MEM>已释放...
2009-01-18 15:13:01.4 [6425]:远程管理配置器:I:<MEM>创建！
2009-01-18 15:13:01.4 [6425]:远程管理配置器:I:初始化中！
2009-01-18 15:13:01.4 [6425]:远程管理配置器:I:初始化全部Provider工厂中..
2009-01-18 15:13:01.4 [6425]:远程管理配置器:I:正在添加Provider 091FEEF9-2995-44d9-8988-43249FA3F9B4 的工厂
2009-01-18 15:13:01.4 [6425]:远程管理配置器:I:正在添加Provider 4D5E25FD-8600-4077-923F-E23D74694C72 的工厂
2009-01-18 15:13:01.4 [6425]:远程管理配置器:I:正在添加Provider 18779755-7A58-4d04-A745-F0EC6FF5B12F 的工厂
2009-01-18 15:13:01.4 [6425]:远程管理配置器:I:初始化全部Provider工厂 完成！
2009-01-18 15:13:01.4 [6425]:远程管理配置器:I:正在载入通道配置
2009-01-18 15:13:01.4 [6425]:远程管理配置器:I:正在载入通道配置--TT1
2009-01-18 15:13:01.5 [6425]:远程管理配置器:I:输出码率：	1000000
2009-01-18 15:13:01.5 [6425]:远程管理配置器:I:配置如下：
<archive version="4.0" sub="VV">
<TSFileName>/home/victor/workdisk/blank-V-481-A-482.ts</TSFileName>
<IsLockFile>0</IsLockFile>
<IsFixCounter>0</IsFixCounter>
</archive>

2009-01-18 15:13:01.5 [6425]:远程管理配置器:I:添加输出通道TT1成功！
2009-01-18 15:13:01.5 [6425]:远程管理配置器:I:正在载入通道配置--TT2
2009-01-18 15:13:01.5 [6425]:远程管理配置器:I:输出码率：	1000000
2009-01-18 15:13:01.5 [6425]:远程管理配置器:I:配置如下：
<archive version="4.0" sub="VV">
<ChannelName>TT2</ChannelName>
<ChannelIPPort>10008</ChannelIPPort>
<ChannelIP>127.0.0.1</ChannelIP>
</archive>

2009-01-18 15:13:01.7 [6425]:远程管理配置器:I:添加输出通道TT2成功！
2009-01-18 15:13:01.7 [6425]:远程管理配置器:I:初始化完成！
2009-01-18 15:14:11.7 [6425]:远程管理配置器:I:NULLSTREAM000
2009-01-18 15:14:11.7 [6425]:远程管理配置器:I:TT1
2009-01-18 15:14:11.7 [6425]:远程管理配置器:I:BitRate:1000000
2009-01-18 15:14:11.7 [6425]:远程管理配置器:I:TT2
2009-01-18 15:14:11.7 [6425]:远程管理配置器:I:BitRate:1000000
2009-01-18 15:14:53.8 [6425]:远程管理配置器:I:<MEM>已释放...
2009-01-18 15:31:23.0 [6514]:远程管理配置器:I:<MEM>创建！
2009-01-18 15:31:23.0 [6514]:远程管理配置器:I:初始化中！
2009-01-18 15:31:23.0 [6514]:远程管理配置器:I:初始化全部Provider工厂中..
2009-01-18 15:31:23.0 [6514]:远程管理配置器:I:正在添加Provider 091FEEF9-2995-44d9-8988-43249FA3F9B4 的工厂
2009-01-18 15:31:23.1 [6514]:远程管理配置器:I:正在添加Provider 4D5E25FD-8600-4077-923F-E23D74694C72 的工厂
2009-01-18 15:31:23.1 [6514]:远程管理配置器:I:正在添加Provider 18779755-7A58-4d04-A745-F0EC6FF5B12F 的工厂
2009-01-18 15:31:23.1 [6514]:远程管理配置器:I:初始化全部Provider工厂 完成！
2009-01-18 15:31:23.1 [6514]:远程管理配置器:I:正在载入通道配置
2009-01-18 15:31:23.3 [6514]:远程管理配置器:I:正在载入通道配置--TT1
2009-01-18 15:31:23.4 [6514]:远程管理配置器:I:输出码率：	1000000
2009-01-18 15:31:23.4 [6514]:远程管理配置器:I:配置如下：
<archive version="4.0" sub="VV">
<TSFileName>/home/victor/workdisk/blank-V-481-A-482.ts</TSFileName>
<IsLockFile>0</IsLockFile>
<IsFixCounter>0</IsFixCounter>
</archive>

2009-01-18 15:31:23.5 [6514]:远程管理配置器:I:添加输出通道TT1成功！
2009-01-18 15:31:23.5 [6514]:远程管理配置器:I:正在载入通道配置--TT2
2009-01-18 15:31:23.5 [6514]:远程管理配置器:I:输出码率：	1000000
2009-01-18 15:31:23.5 [6514]:远程管理配置器:I:配置如下：
<archive version="4.0" sub="VV">
<ChannelName>TT2</ChannelName>
<ChannelIPPort>10008</ChannelIPPort>
<ChannelIP>127.0.0.1</ChannelIP>
</archive>

2009-01-18 15:31:23.6 [6514]:远程管理配置器:I:添加输出通道TT2成功！
2009-01-18 15:31:23.7 [6514]:远程管理配置器:I:初始化完成！
2009-01-18 15:32:31.9 [6514]:远程管理配置器:I:NULLSTREAM000
2009-01-18 15:32:31.9 [6514]:远程管理配置器:I:TT1
2009-01-18 15:32:31.9 [6514]:远程管理配置器:I:BitRate:1000000
2009-01-18 15:32:32.0 [6514]:远程管理配置器:I:TT2
2009-01-18 15:32:32.0 [6514]:远程管理配置器:I:BitRate:1000000
2009-01-18 15:33:07.0 [6514]:远程管理配置器:I:<MEM>已释放...
2009-01-18 15:33:23.0 [6514]:远程管理配置器:I:<MEM>创建！
2009-01-18 15:33:23.0 [6514]:远程管理配置器:I:初始化中！
2009-01-18 15:33:23.0 [6514]:远程管理配置器:I:初始化全部Provider工厂中..
2009-01-18 15:33:23.0 [6514]:远程管理配置器:I:正在添加Provider 091FEEF9-2995-44d9-8988-43249FA3F9B4 的工厂
2009-01-18 15:33:23.0 [6514]:远程管理配置器:I:正在添加Provider 4D5E25FD-8600-4077-923F-E23D74694C72 的工厂
2009-01-18 15:33:23.0 [6514]:远程管理配置器:I:正在添加Provider 18779755-7A58-4d04-A745-F0EC6FF5B12F 的工厂
2009-01-18 15:33:23.0 [6514]:远程管理配置器:I:初始化全部Provider工厂 完成！
2009-01-18 15:33:23.0 [6514]:远程管理配置器:I:正在载入通道配置
2009-01-18 15:33:23.1 [6514]:远程管理配置器:I:正在载入通道配置--TT1
2009-01-18 15:33:23.1 [6514]:远程管理配置器:I:输出码率：	1000000
2009-01-18 15:33:23.1 [6514]:远程管理配置器:I:配置如下：
<archive version="4.0" sub="VV">
<TSFileName>/home/victor/workdisk/blank-V-481-A-482.ts</TSFileName>
<IsLockFile>0</IsLockFile>
<IsFixCounter>0</IsFixCounter>
</archive>

2009-01-18 15:33:23.1 [6514]:远程管理配置器:I:添加输出通道TT1成功！
2009-01-18 15:33:23.1 [6514]:远程管理配置器:I:正在载入通道配置--TT2
2009-01-18 15:33:23.1 [6514]:远程管理配置器:I:输出码率：	1000000
2009-01-18 15:33:23.1 [6514]:远程管理配置器:I:配置如下：
<archive version="4.0" sub="VV">
<ChannelName>TT2</ChannelName>
<ChannelIPPort>10008</ChannelIPPort>
<ChannelIP>127.0.0.1</ChannelIP>
</archive>

2009-01-18 15:33:23.3 [6514]:远程管理配置器:I:添加输出通道TT2成功！
2009-01-18 15:33:23.3 [6514]:远程管理配置器:I:初始化完成！
2009-01-18 15:34:38.0 [6514]:远程管理配置器:I:NULLSTREAM000
2009-01-18 15:34:38.0 [6514]:远程管理配置器:I:TT1
2009-01-18 15:34:38.0 [6514]:远程管理配置器:I:BitRate:1000000
2009-01-18 15:34:38.0 [6514]:远程管理配置器:I:TT2
2009-01-18 15:34:38.0 [6514]:远程管理配置器:I:BitRate:1000000
2009-01-18 15:34:54.7 [6514]:远程管理配置器:I:<MEM>已释放...
2009-01-19 02:26:24.2 [7029]:远程管理配置器:I:<MEM>创建！
2009-01-19 02:26:24.2 [7029]:远程管理配置器:I:初始化中！
2009-01-19 02:26:24.2 [7029]:远程管理配置器:I:初始化全部Provider工厂中..
2009-01-19 02:26:24.3 [7029]:远程管理配置器:I:正在添加Provider 091FEEF9-2995-44d9-8988-43249FA3F9B4 的工厂
2009-01-19 02:26:24.3 [7029]:远程管理配置器:I:正在添加Provider 4D5E25FD-8600-4077-923F-E23D74694C72 的工厂
2009-01-19 02:26:24.3 [7029]:远程管理配置器:I:正在添加Provider 18779755-7A58-4d04-A745-F0EC6FF5B12F 的工厂
2009-01-19 02:26:24.3 [7029]:远程管理配置器:I:初始化全部Provider工厂 完成！
2009-01-19 02:26:24.4 [7029]:远程管理配置器:I:正在载入通道配置
2009-01-19 02:26:24.6 [7029]:远程管理配置器:I:正在载入通道配置--TT1
2009-01-19 02:26:24.6 [7029]:远程管理配置器:I:输出码率：	1000000
2009-01-19 02:26:24.6 [7029]:远程管理配置器:I:配置如下：
<archive version="4.0" sub="VV">
<TSFileName>/home/victor/workdisk/blank-V-481-A-482.ts</TSFileName>
<IsLockFile>0</IsLockFile>
<IsFixCounter>0</IsFixCounter>
</archive>

2009-01-19 02:26:24.7 [7029]:远程管理配置器:I:添加输出通道TT1成功！
2009-01-19 02:26:24.7 [7029]:远程管理配置器:I:正在载入通道配置--TT2
2009-01-19 02:26:24.7 [7029]:远程管理配置器:I:输出码率：	1000000
2009-01-19 02:26:24.7 [7029]:远程管理配置器:I:配置如下：
<archive version="4.0" sub="VV">
<ChannelName>TT2</ChannelName>
<ChannelIPPort>10008</ChannelIPPort>
<ChannelIP>127.0.0.1</ChannelIP>
</archive>

2009-01-19 02:26:25.0 [7029]:远程管理配置器:I:添加输出通道TT2成功！
2009-01-19 02:26:25.1 [7029]:远程管理配置器:I:初始化完成！
2009-01-19 02:27:34.3 [7029]:远程管理配置器:I:NULLSTREAM000
2009-01-19 02:27:34.3 [7029]:远程管理配置器:I:TT1
2009-01-19 02:27:34.4 [7029]:远程管理配置器:I:BitRate:1000000
2009-01-19 02:27:34.4 [7029]:远程管理配置器:I:TT2
2009-01-19 02:27:34.5 [7029]:远程管理配置器:I:BitRate:1000000
2009-01-19 02:43:38.5 [7029]:远程管理配置器:I:<MEM>已释放...
2009-01-19 02:43:45.0 [7029]:远程管理配置器:I:<MEM>创建！
2009-01-19 02:43:45.0 [7029]:远程管理配置器:I:初始化中！
2009-01-19 02:43:45.0 [7029]:远程管理配置器:I:初始化全部Provider工厂中..
2009-01-19 02:43:45.0 [7029]:远程管理配置器:I:正在添加Provider 091FEEF9-2995-44d9-8988-43249FA3F9B4 的工厂
2009-01-19 02:43:45.0 [7029]:远程管理配置器:I:正在添加Provider 4D5E25FD-8600-4077-923F-E23D74694C72 的工厂
2009-01-19 02:43:45.0 [7029]:远程管理配置器:I:正在添加Provider 18779755-7A58-4d04-A745-F0EC6FF5B12F 的工厂
2009-01-19 02:43:45.1 [7029]:远程管理配置器:I:初始化全部Provider工厂 完成！
2009-01-19 02:43:45.1 [7029]:远程管理配置器:I:正在载入通道配置
2009-01-19 02:43:45.2 [7029]:远程管理配置器:I:正在载入通道配置--TT1
2009-01-19 02:43:45.2 [7029]:远程管理配置器:I:输出码率：	1000000
2009-01-19 02:43:45.2 [7029]:远程管理配置器:I:配置如下：
<archive version="4.0" sub="VV">
<TSFileName>/home/victor/workdisk/blank-V-481-A-482.ts</TSFileName>
<IsLockFile>0</IsLockFile>
<IsFixCounter>0</IsFixCounter>
</archive>

2009-01-19 02:43:45.2 [7029]:远程管理配置器:I:添加输出通道TT1成功！
2009-01-19 02:43:45.2 [7029]:远程管理配置器:I:正在载入通道配置--TT2
2009-01-19 02:43:45.2 [7029]:远程管理配置器:I:输出码率：	1000000
2009-01-19 02:43:45.2 [7029]:远程管理配置器:I:配置如下：
<archive version="4.0" sub="VV">
<ChannelName>TT2</ChannelName>
<ChannelIPPort>10008</ChannelIPPort>
<ChannelIP>127.0.0.1</ChannelIP>
</archive>

2009-01-19 02:43:45.5 [7029]:远程管理配置器:I:添加输出通道TT2成功！
2009-01-19 02:43:45.5 [7029]:远程管理配置器:I:初始化完成！
2009-01-19 02:45:09.1 [7029]:远程管理配置器:I:NULLSTREAM000
2009-01-19 02:45:09.1 [7029]:远程管理配置器:I:TT1
2009-01-19 02:45:09.1 [7029]:远程管理配置器:I:BitRate:1000000
2009-01-19 02:45:09.1 [7029]:远程管理配置器:I:TT2
2009-01-19 02:45:09.1 [7029]:远程管理配置器:I:BitRate:1000000
2009-01-19 02:45:30.8 [7029]:远程管理配置器:I:<MEM>已释放...
2009-01-19 03:10:37.6 [7273]:远程管理配置器:I:<MEM>创建！
2009-01-19 03:10:37.6 [7273]:远程管理配置器:I:初始化中！
2009-01-19 03:10:37.6 [7273]:远程管理配置器:I:初始化全部Provider工厂中..
2009-01-19 03:10:37.7 [7273]:远程管理配置器:I:正在添加Provider 091FEEF9-2995-44d9-8988-43249FA3F9B4 的工厂
2009-01-19 03:10:37.7 [7273]:远程管理配置器:I:正在添加Provider 4D5E25FD-8600-4077-923F-E23D74694C72 的工厂
2009-01-19 03:10:37.7 [7273]:远程管理配置器:I:正在添加Provider 18779755-7A58-4d04-A745-F0EC6FF5B12F 的工厂
2009-01-19 03:10:37.8 [7273]:远程管理配置器:I:初始化全部Provider工厂 完成！
2009-01-19 03:10:37.8 [7273]:远程管理配置器:I:正在载入通道配置
2009-01-19 03:10:38.0 [7273]:远程管理配置器:I:正在载入通道配置--TT1
2009-01-19 03:10:38.0 [7273]:远程管理配置器:I:输出码率：	1000000
2009-01-19 03:10:38.0 [7273]:远程管理配置器:I:配置如下：
<archive version="4.0" sub="VV">
<TSFileName>/home/victor/workdisk/blank-V-481-A-482.ts</TSFileName>
<IsLockFile>0</IsLockFile>
<IsFixCounter>0</IsFixCounter>
</archive>

2009-01-19 03:10:38.1 [7273]:远程管理配置器:I:添加输出通道TT1成功！
2009-01-19 03:10:38.1 [7273]:远程管理配置器:I:正在载入通道配置--TT2
2009-01-19 03:10:38.1 [7273]:远程管理配置器:I:输出码率：	1000000
2009-01-19 03:10:38.1 [7273]:远程管理配置器:I:配置如下：
<archive version="4.0" sub="VV">
<ChannelName>TT2</ChannelName>
<ChannelIPPort>10008</ChannelIPPort>
<ChannelIP>127.0.0.1</ChannelIP>
</archive>

2009-01-19 03:10:38.3 [7273]:远程管理配置器:I:添加输出通道TT2成功！
2009-01-19 03:10:38.3 [7273]:远程管理配置器:I:初始化完成！
2009-01-19 03:11:45.8 [7273]:远程管理配置器:I:NULLSTREAM000
2009-01-19 03:11:45.8 [7273]:远程管理配置器:I:TT1
2009-01-19 03:11:45.8 [7273]:远程管理配置器:I:BitRate:1000000
2009-01-19 03:11:45.9 [7273]:远程管理配置器:I:TT2
2009-01-19 03:11:45.9 [7273]:远程管理配置器:I:BitRate:1000000
2009-01-19 03:11:59.6 [7273]:远程管理配置器:I:<MEM>已释放...
2009-01-19 03:18:46.2 [7349]:远程管理配置器:I:<MEM>创建！
2009-01-19 03:18:46.2 [7349]:远程管理配置器:I:初始化中！
2009-01-19 03:18:46.2 [7349]:远程管理配置器:I:初始化全部Provider工厂中..
2009-01-19 03:18:46.2 [7349]:远程管理配置器:I:正在添加Provider 091FEEF9-2995-44d9-8988-43249FA3F9B4 的工厂
2009-01-19 03:18:46.3 [7349]:远程管理配置器:I:正在添加Provider 4D5E25FD-8600-4077-923F-E23D74694C72 的工厂
2009-01-19 03:18:46.3 [7349]:远程管理配置器:I:正在添加Provider 18779755-7A58-4d04-A745-F0EC6FF5B12F 的工厂
2009-01-19 03:18:46.3 [7349]:远程管理配置器:I:初始化全部Provider工厂 完成！
2009-01-19 03:18:46.3 [7349]:远程管理配置器:I:正在载入通道配置
2009-01-19 03:18:46.5 [7349]:远程管理配置器:I:正在载入通道配置--TT1
2009-01-19 03:18:46.5 [7349]:远程管理配置器:I:输出码率：	1000000
2009-01-19 03:18:46.6 [7349]:远程管理配置器:I:配置如下：
<archive version="4.0" sub="VV">
<TSFileName>/home/victor/workdisk/blank-V-481-A-482.ts</TSFileName>
<IsLockFile>0</IsLockFile>
<IsFixCounter>0</IsFixCounter>
</archive>

2009-01-19 03:18:46.7 [7349]:远程管理配置器:I:添加输出通道TT1成功！
2009-01-19 03:18:46.7 [7349]:远程管理配置器:I:正在载入通道配置--TT2
2009-01-19 03:18:46.7 [7349]:远程管理配置器:I:输出码率：	1000000
2009-01-19 03:18:46.7 [7349]:远程管理配置器:I:配置如下：
<archive version="4.0" sub="VV">
<ChannelName>TT2</ChannelName>
<ChannelIPPort>10008</ChannelIPPort>
<ChannelIP>127.0.0.1</ChannelIP>
</archive>

2009-01-19 03:18:46.8 [7349]:远程管理配置器:I:添加输出通道TT2成功！
2009-01-19 03:18:46.9 [7349]:远程管理配置器:I:初始化完成！
2009-01-19 03:19:52.5 [7349]:远程管理配置器:I:NULLSTREAM000
2009-01-19 03:19:52.5 [7349]:远程管理配置器:I:TT1
2009-01-19 03:19:52.6 [7349]:远程管理配置器:I:BitRate:1000000
2009-01-19 03:19:52.6 [7349]:远程管理配置器:I:TT2
2009-01-19 03:19:52.6 [7349]:远程管理配置器:I:BitRate:1000000
2009-01-19 03:20:06.8 [7349]:远程管理配置器:I:<MEM>已释放...
2009-01-19 03:23:34.5 [7478]:远程管理配置器:I:<MEM>创建！
2009-01-19 03:23:34.5 [7478]:远程管理配置器:I:初始化中！
2009-01-19 03:23:34.5 [7478]:远程管理配置器:I:初始化全部Provider工厂中..
2009-01-19 03:23:34.5 [7478]:远程管理配置器:I:正在添加Provider 091FEEF9-2995-44d9-8988-43249FA3F9B4 的工厂
2009-01-19 03:23:34.6 [7478]:远程管理配置器:I:正在添加Provider 4D5E25FD-8600-4077-923F-E23D74694C72 的工厂
2009-01-19 03:23:34.6 [7478]:远程管理配置器:I:正在添加Provider 18779755-7A58-4d04-A745-F0EC6FF5B12F 的工厂
2009-01-19 03:23:34.6 [7478]:远程管理配置器:I:初始化全部Provider工厂 完成！
2009-01-19 03:23:34.6 [7478]:远程管理配置器:I:正在载入通道配置
2009-01-19 03:23:34.8 [7478]:远程管理配置器:I:正在载入通道配置--TT1
2009-01-19 03:23:34.8 [7478]:远程管理配置器:I:输出码率：	1000000
2009-01-19 03:23:34.8 [7478]:远程管理配置器:I:配置如下：
<archive version="4.0" sub="VV">
<TSFileName>/home/victor/workdisk/blank-V-481-A-482.ts</TSFileName>
<IsLockFile>0</IsLockFile>
<IsFixCounter>0</IsFixCounter>
</archive>

2009-01-19 03:23:34.9 [7478]:远程管理配置器:I:添加输出通道TT1成功！
2009-01-19 03:23:35.0 [7478]:远程管理配置器:I:正在载入通道配置--TT2
2009-01-19 03:23:35.0 [7478]:远程管理配置器:I:输出码率：	1000000
2009-01-19 03:23:35.0 [7478]:远程管理配置器:I:配置如下：
<archive version="4.0" sub="VV">
<ChannelName>TT2</ChannelName>
<ChannelIPPort>10008</ChannelIPPort>
<ChannelIP>127.0.0.1</ChannelIP>
</archive>

2009-01-19 03:23:35.1 [7478]:远程管理配置器:I:添加输出通道TT2成功！
2009-01-19 03:23:35.2 [7478]:远程管理配置器:I:初始化完成！
2009-01-19 03:24:45.9 [7478]:远程管理配置器:I:NULLSTREAM000
2009-01-19 03:24:45.9 [7478]:远程管理配置器:I:TT1
2009-01-19 03:24:46.0 [7478]:远程管理配置器:I:BitRate:1000000
2009-01-19 03:24:46.0 [7478]:远程管理配置器:I:TT2
2009-01-19 03:24:46.1 [7478]:远程管理配置器:I:BitRate:1000000
2009-01-19 03:25:58.4 [7478]:远程管理配置器:I:<MEM>已释放...
2009-01-19 03:26:21.5 [7478]:远程管理配置器:I:<MEM>创建！
2009-01-19 03:26:21.5 [7478]:远程管理配置器:I:初始化中！
2009-01-19 03:26:21.5 [7478]:远程管理配置器:I:初始化全部Provider工厂中..
2009-01-19 03:26:21.5 [7478]:远程管理配置器:I:正在添加Provider 091FEEF9-2995-44d9-8988-43249FA3F9B4 的工厂
2009-01-19 03:26:21.5 [7478]:远程管理配置器:I:正在添加Provider 4D5E25FD-8600-4077-923F-E23D74694C72 的工厂
2009-01-19 03:26:21.5 [7478]:远程管理配置器:I:正在添加Provider 18779755-7A58-4d04-A745-F0EC6FF5B12F 的工厂
2009-01-19 03:26:21.5 [7478]:远程管理配置器:I:初始化全部Provider工厂 完成！
2009-01-19 03:26:21.5 [7478]:远程管理配置器:I:正在载入通道配置
2009-01-19 03:26:21.6 [7478]:远程管理配置器:I:正在载入通道配置--TT1
2009-01-19 03:26:21.6 [7478]:远程管理配置器:I:输出码率：	1000000
2009-01-19 03:26:21.6 [7478]:远程管理配置器:I:配置如下：
<archive version="4.0" sub="VV">
<TSFileName>/home/victor/workdisk/blank-V-481-A-482.ts</TSFileName>
<IsLockFile>0</IsLockFile>
<IsFixCounter>0</IsFixCounter>
</archive>

2009-01-19 03:26:21.6 [7478]:远程管理配置器:I:添加输出通道TT1成功！
2009-01-19 03:26:21.6 [7478]:远程管理配置器:I:正在载入通道配置--TT2
2009-01-19 03:26:21.6 [7478]:远程管理配置器:I:输出码率：	1000000
2009-01-19 03:26:21.7 [7478]:远程管理配置器:I:配置如下：
<archive version="4.0" sub="VV">
<ChannelName>TT2</ChannelName>
<ChannelIPPort>10008</ChannelIPPort>
<ChannelIP>127.0.0.1</ChannelIP>
</archive>

2009-01-19 03:26:21.7 [7478]:远程管理配置器:I:添加输出通道TT2成功！
2009-01-19 03:26:21.7 [7478]:远程管理配置器:I:初始化完成！
2009-01-19 03:27:46.8 [7478]:远程管理配置器:I:NULLSTREAM000
2009-01-19 03:27:46.8 [7478]:远程管理配置器:I:TT1
2009-01-19 03:27:46.8 [7478]:远程管理配置器:I:BitRate:1000000
2009-01-19 03:27:46.8 [7478]:远程管理配置器:I:TT2
2009-01-19 03:27:46.8 [7478]:远程管理配置器:I:BitRate:1000000
2009-01-19 03:28:02.4 [7478]:远程管理配置器:I:<MEM>已释放...
2009-01-19 03:28:33.2 [7488]:远程管理配置器:I:<MEM>创建！
2009-01-19 03:28:33.2 [7488]:远程管理配置器:I:初始化中！
2009-01-19 03:28:33.2 [7488]:远程管理配置器:I:初始化全部Provider工厂中..
2009-01-19 03:28:33.3 [7488]:远程管理配置器:I:正在添加Provider 091FEEF9-2995-44d9-8988-43249FA3F9B4 的工厂
2009-01-19 03:28:33.3 [7488]:远程管理配置器:I:正在添加Provider 4D5E25FD-8600-4077-923F-E23D74694C72 的工厂
2009-01-19 03:28:33.3 [7488]:远程管理配置器:I:正在添加Provider 18779755-7A58-4d04-A745-F0EC6FF5B12F 的工厂
2009-01-19 03:28:33.3 [7488]:远程管理配置器:I:初始化全部Provider工厂 完成！
2009-01-19 03:28:33.3 [7488]:远程管理配置器:I:正在载入通道配置
2009-01-19 03:28:33.6 [7488]:远程管理配置器:I:正在载入通道配置--TT1
2009-01-19 03:28:33.6 [7488]:远程管理配置器:I:输出码率：	1000000
2009-01-19 03:28:33.6 [7488]:远程管理配置器:I:配置如下：
<archive version="4.0" sub="VV">
<TSFileName>/home/victor/workdisk/blank-V-481-A-482.ts</TSFileName>
<IsLockFile>0</IsLockFile>
<IsFixCounter>0</IsFixCounter>
</archive>

2009-01-19 03:28:33.7 [7488]:远程管理配置器:I:添加输出通道TT1成功！
2009-01-19 03:28:33.7 [7488]:远程管理配置器:I:正在载入通道配置--TT2
2009-01-19 03:28:33.7 [7488]:远程管理配置器:I:输出码率：	1000000
2009-01-19 03:28:33.7 [7488]:远程管理配置器:I:配置如下：
<archive version="4.0" sub="VV">
<ChannelName>TT2</ChannelName>
<ChannelIPPort>10008</ChannelIPPort>
<ChannelIP>127.0.0.1</ChannelIP>
</archive>

2009-01-19 03:28:33.9 [7488]:远程管理配置器:I:添加输出通道TT2成功！
2009-01-19 03:28:33.9 [7488]:远程管理配置器:I:初始化完成！
2009-01-19 03:30:01.0 [7488]:远程管理配置器:I:NULLSTREAM000
2009-01-19 03:30:01.0 [7488]:远程管理配置器:I:TT1
2009-01-19 03:30:01.1 [7488]:远程管理配置器:I:BitRate:1000000
2009-01-19 03:30:01.1 [7488]:远程管理配置器:I:TT2
2009-01-19 03:30:01.2 [7488]:远程管理配置器:I:BitRate:1000000
2009-01-19 03:30:19.3 [7488]:远程管理配置器:I:<MEM>已释放...
2009-01-19 03:30:32.9 [7488]:远程管理配置器:I:<MEM>创建！
2009-01-19 03:30:32.9 [7488]:远程管理配置器:I:初始化中！
2009-01-19 03:30:33.0 [7488]:远程管理配置器:I:初始化全部Provider工厂中..
2009-01-19 03:30:33.0 [7488]:远程管理配置器:I:正在添加Provider 091FEEF9-2995-44d9-8988-43249FA3F9B4 的工厂
2009-01-19 03:30:33.0 [7488]:远程管理配置器:I:正在添加Provider 4D5E25FD-8600-4077-923F-E23D74694C72 的工厂
2009-01-19 03:30:33.0 [7488]:远程管理配置器:I:正在添加Provider 18779755-7A58-4d04-A745-F0EC6FF5B12F 的工厂
2009-01-19 03:30:33.0 [7488]:远程管理配置器:I:初始化全部Provider工厂 完成！
2009-01-19 03:30:33.0 [7488]:远程管理配置器:I:正在载入通道配置
2009-01-19 03:30:33.1 [7488]:远程管理配置器:I:正在载入通道配置--TT1
2009-01-19 03:30:33.1 [7488]:远程管理配置器:I:输出码率：	1000000
2009-01-19 03:30:33.1 [7488]:远程管理配置器:I:配置如下：
<archive version="4.0" sub="VV">
<TSFileName>/home/victor/workdisk/blank-V-481-A-482.ts</TSFileName>
<IsLockFile>0</IsLockFile>
<IsFixCounter>0</IsFixCounter>
</archive>

2009-01-19 03:30:33.1 [7488]:远程管理配置器:I:添加输出通道TT1成功！
2009-01-19 03:30:33.1 [7488]:远程管理配置器:I:正在载入通道配置--TT2
2009-01-19 03:30:33.1 [7488]:远程管理配置器:I:输出码率：	1000000
2009-01-19 03:30:33.1 [7488]:远程管理配置器:I:配置如下：
<archive version="4.0" sub="VV">
<ChannelName>TT2</ChannelName>
<ChannelIPPort>10008</ChannelIPPort>
<ChannelIP>127.0.0.1</ChannelIP>
</archive>

2009-01-19 03:30:33.2 [7488]:远程管理配置器:I:添加输出通道TT2成功！
2009-01-19 03:30:33.2 [7488]:远程管理配置器:I:初始化完成！
2009-01-19 03:31:58.4 [7488]:远程管理配置器:I:NULLSTREAM000
2009-01-19 03:31:58.4 [7488]:远程管理配置器:I:TT1
2009-01-19 03:31:58.4 [7488]:远程管理配置器:I:BitRate:1000000
2009-01-19 03:31:58.4 [7488]:远程管理配置器:I:TT2
2009-01-19 03:31:58.4 [7488]:远程管理配置器:I:BitRate:1000000
2009-01-19 03:32:20.7 [7488]:远程管理配置器:I:<MEM>已释放...
2009-01-19 06:02:35.1 [7543]:远程管理配置器:I:<MEM>创建！
2009-01-19 06:02:35.2 [7543]:远程管理配置器:I:初始化中！
2009-01-19 06:02:35.2 [7543]:远程管理配置器:I:初始化全部Provider工厂中..
2009-01-19 06:02:35.2 [7543]:远程管理配置器:I:正在添加Provider 091FEEF9-2995-44d9-8988-43249FA3F9B4 的工厂
2009-01-19 06:02:35.2 [7543]:远程管理配置器:I:正在添加Provider 4D5E25FD-8600-4077-923F-E23D74694C72 的工厂
2009-01-19 06:02:35.3 [7543]:远程管理配置器:I:正在添加Provider 18779755-7A58-4d04-A745-F0EC6FF5B12F 的工厂
2009-01-19 06:02:35.3 [7543]:远程管理配置器:I:初始化全部Provider工厂 完成！
2009-01-19 06:02:35.3 [7543]:远程管理配置器:I:正在载入通道配置
2009-01-19 06:02:35.5 [7543]:远程管理配置器:I:正在载入通道配置--TT1
2009-01-19 06:02:35.5 [7543]:远程管理配置器:I:输出码率：	1000000
2009-01-19 06:02:35.5 [7543]:远程管理配置器:I:配置如下：
<archive version="4.0" sub="VV">
<TSFileName>/home/victor/workdisk/blank-V-481-A-482.ts</TSFileName>
<IsLockFile>0</IsLockFile>
<IsFixCounter>0</IsFixCounter>
</archive>

2009-01-19 06:02:35.6 [7543]:远程管理配置器:I:添加输出通道TT1成功！
2009-01-19 06:02:35.6 [7543]:远程管理配置器:I:正在载入通道配置--TT2
2009-01-19 06:02:35.6 [7543]:远程管理配置器:I:输出码率：	1000000
2009-01-19 06:02:35.7 [7543]:远程管理配置器:I:配置如下：
<archive version="4.0" sub="VV">
<ChannelName>TT2</ChannelName>
<ChannelIPPort>10008</ChannelIPPort>
<ChannelIP>127.0.0.1</ChannelIP>
</archive>

2009-01-19 06:02:35.8 [7543]:远程管理配置器:I:添加输出通道TT2成功！
2009-01-19 06:02:35.8 [7543]:远程管理配置器:I:初始化完成！
2009-01-19 06:03:49.1 [7543]:远程管理配置器:I:NULLSTREAM000
2009-01-19 06:03:49.1 [7543]:远程管理配置器:I:TT1
2009-01-19 06:03:49.1 [7543]:远程管理配置器:I:BitRate:1000000
2009-01-19 06:03:49.2 [7543]:远程管理配置器:I:TT2
2009-01-19 06:03:49.2 [7543]:远程管理配置器:I:BitRate:1000000
2009-01-19 06:04:17.4 [7543]:远程管理配置器:I:刷新配置:通道TT2属性DataProviderConfig从<archive version="4.0" sub="VV">
<ChannelName>TT2</ChannelName>
<ChannelIPPort>10008</ChannelIPPort>
<ChannelIP>127.0.0.1</ChannelIP>
</archive>
改变为<archive version="4.0" sub="VV">
<ChannelName>TT2</ChannelName>
<ChannelIPPort>10008</ChannelIPPort>
<ChannelIP>172.16.26.16</ChannelIP>
</archive>

2009-01-19 06:04:18.2 [7543]:远程管理配置器:I:刷新配置:通道TT2 OK!
2009-01-19 06:04:18.2 [7543]:远程管理配置器:I:NULLSTREAM000
2009-01-19 06:04:18.2 [7543]:远程管理配置器:I:TT1
2009-01-19 06:04:18.2 [7543]:远程管理配置器:I:BitRate:1000000
2009-01-19 06:04:18.2 [7543]:远程管理配置器:I:TT2
2009-01-19 06:04:18.2 [7543]:远程管理配置器:I:BitRate:1000000
2009-01-19 06:07:57.9 [7543]:远程管理配置器:I:<MEM>已释放...
